{"level":"\u001b[33mwarn\u001b[39m","message":"\u001b[31m\u001b[1m\u001b[3mError connecting to MongoDB Error: querySrv ENOTFOUND _mongodb._tcp.123\u001b[23m\u001b[22m\u001b[39m","timestamp":"2025-05-13T17:35:17.674Z"}
{"level":"\u001b[33mwarn\u001b[39m","message":"\u001b[31m\u001b[1m\u001b[3mError connecting to MongoDB Error: querySrv ENOTFOUND _mongodb._tcp.123\u001b[23m\u001b[22m\u001b[39m","timestamp":"2025-05-13T18:01:34.083Z"}
{"level":"\u001b[32minfo\u001b[39m","message":"\u001b[34m\u001b[1m\u001b[3mAttempting to connect to MongoDB at cluster0.e7kgaui.mongodb.net\u001b[23m\u001b[22m\u001b[39m","timestamp":"2025-05-13T18:02:34.046Z"}
{"level":"\u001b[32minfo\u001b[39m","message":"\u001b[32m\u001b[1m\u001b[3mSuccessfully connected to MongoDB! Database: Lawyer\u001b[23m\u001b[22m\u001b[39m","timestamp":"2025-05-13T18:02:35.206Z"}
{"level":"\u001b[32minfo\u001b[39m","message":"\u001b[32m\u001b[1m\u001b[3mServer started on port 5000\u001b[23m\u001b[22m\u001b[39m","timestamp":"2025-05-13T18:02:35.212Z"}
{"level":"\u001b[32minfo\u001b[39m","message":"\u001b[34m\u001b[1m\u001b[3mAttempting to connect to MongoDB at cluster0.e7kgaui.mongodb.net\u001b[23m\u001b[22m\u001b[39m","timestamp":"2025-05-13T18:02:42.825Z"}
{"level":"\u001b[32minfo\u001b[39m","message":"\u001b[32m\u001b[1m\u001b[3mSuccessfully connected to MongoDB! Database: Lawyer\u001b[23m\u001b[22m\u001b[39m","timestamp":"2025-05-13T18:02:43.165Z"}
{"level":"\u001b[32minfo\u001b[39m","message":"\u001b[32m\u001b[1m\u001b[3mServer started on port 5000\u001b[23m\u001b[22m\u001b[39m","timestamp":"2025-05-13T18:02:43.168Z"}
{"level":"\u001b[32minfo\u001b[39m","message":"\u001b[34m\u001b[1m\u001b[3mAttempting to connect to MongoDB at cluster0.e7kgaui.mongodb.net\u001b[23m\u001b[22m\u001b[39m","timestamp":"2025-05-13T18:02:56.662Z"}
{"level":"\u001b[32minfo\u001b[39m","message":"\u001b[32m\u001b[1m\u001b[3mSuccessfully connected to MongoDB! Database: Lawyer\u001b[23m\u001b[22m\u001b[39m","timestamp":"2025-05-13T18:02:56.996Z"}
{"level":"\u001b[32minfo\u001b[39m","message":"\u001b[32m\u001b[1m\u001b[3mServer started on port 5000\u001b[23m\u001b[22m\u001b[39m","timestamp":"2025-05-13T18:02:57.000Z"}
{"level":"\u001b[32minfo\u001b[39m","message":"\u001b[34m\u001b[1m\u001b[3mAttempting to connect to MongoDB at cluster0.e7kgaui.mongodb.net\u001b[23m\u001b[22m\u001b[39m","timestamp":"2025-05-13T18:02:58.848Z"}
{"level":"\u001b[32minfo\u001b[39m","message":"\u001b[32m\u001b[1m\u001b[3mSuccessfully connected to MongoDB! Database: Lawyer\u001b[23m\u001b[22m\u001b[39m","timestamp":"2025-05-13T18:02:59.444Z"}
{"level":"\u001b[32minfo\u001b[39m","message":"\u001b[32m\u001b[1m\u001b[3mServer started on port 5000\u001b[23m\u001b[22m\u001b[39m","timestamp":"2025-05-13T18:02:59.447Z"}
{"level":"\u001b[32minfo\u001b[39m","message":"\u001b[34m\u001b[1m\u001b[3mAttempting to connect to MongoDB at cluster0.e7kgaui.mongodb.net\u001b[23m\u001b[22m\u001b[39m","timestamp":"2025-05-13T18:03:00.777Z"}
{"level":"\u001b[32minfo\u001b[39m","message":"\u001b[32m\u001b[1m\u001b[3mSuccessfully connected to MongoDB! Database: Lawyer\u001b[23m\u001b[22m\u001b[39m","timestamp":"2025-05-13T18:03:01.145Z"}
{"level":"\u001b[32minfo\u001b[39m","message":"\u001b[32m\u001b[1m\u001b[3mServer started on port 5000\u001b[23m\u001b[22m\u001b[39m","timestamp":"2025-05-13T18:03:01.148Z"}
{"level":"\u001b[32minfo\u001b[39m","message":"\u001b[34m\u001b[1m\u001b[3mAttempting to connect to MongoDB at cluster0.e7kgaui.mongodb.net\u001b[23m\u001b[22m\u001b[39m","timestamp":"2025-05-13T18:03:06.827Z"}
{"level":"\u001b[32minfo\u001b[39m","message":"\u001b[32m\u001b[1m\u001b[3mSuccessfully connected to MongoDB! Database: Lawyer\u001b[23m\u001b[22m\u001b[39m","timestamp":"2025-05-13T18:03:07.405Z"}
{"level":"\u001b[32minfo\u001b[39m","message":"\u001b[32m\u001b[1m\u001b[3mServer started on port 5000\u001b[23m\u001b[22m\u001b[39m","timestamp":"2025-05-13T18:03:07.408Z"}
{"level":"\u001b[32minfo\u001b[39m","message":"\u001b[34m\u001b[1m\u001b[3mAttempting to connect to MongoDB at cluster0.e7kgaui.mongodb.net\u001b[23m\u001b[22m\u001b[39m","timestamp":"2025-05-14T16:32:01.375Z"}
{"level":"\u001b[32minfo\u001b[39m","message":"\u001b[32m\u001b[1m\u001b[3mSuccessfully connected to MongoDB! Database: Lawyer\u001b[23m\u001b[22m\u001b[39m","timestamp":"2025-05-14T16:32:05.062Z"}
{"level":"\u001b[32minfo\u001b[39m","message":"\u001b[32m\u001b[1m\u001b[3mServer started on port 5000\u001b[23m\u001b[22m\u001b[39m","timestamp":"2025-05-14T16:32:05.066Z"}
{"level":"\u001b[32minfo\u001b[39m","message":"\u001b[34m\u001b[1m\u001b[3mAttempting to connect to MongoDB at cluster0.e7kgaui.mongodb.net\u001b[23m\u001b[22m\u001b[39m","timestamp":"2025-05-14T16:52:22.618Z"}
{"level":"\u001b[32minfo\u001b[39m","message":"\u001b[32m\u001b[1m\u001b[3mSuccessfully connected to MongoDB! Database: Lawyer\u001b[23m\u001b[22m\u001b[39m","timestamp":"2025-05-14T16:52:23.329Z"}
{"level":"\u001b[32minfo\u001b[39m","message":"\u001b[32m\u001b[1m\u001b[3mServer started on port 5000\u001b[23m\u001b[22m\u001b[39m","timestamp":"2025-05-14T16:52:23.339Z"}
{"level":"\u001b[32minfo\u001b[39m","message":"\u001b[34m\u001b[1m\u001b[3mAttempting to connect to MongoDB at cluster0.e7kgaui.mongodb.net\u001b[23m\u001b[22m\u001b[39m","timestamp":"2025-05-14T16:52:25.707Z"}
{"level":"\u001b[32minfo\u001b[39m","message":"\u001b[32m\u001b[1m\u001b[3mSuccessfully connected to MongoDB! Database: Lawyer\u001b[23m\u001b[22m\u001b[39m","timestamp":"2025-05-14T16:52:26.122Z"}
{"level":"\u001b[32minfo\u001b[39m","message":"\u001b[32m\u001b[1m\u001b[3mServer started on port 5000\u001b[23m\u001b[22m\u001b[39m","timestamp":"2025-05-14T16:52:26.128Z"}
{"level":"\u001b[32minfo\u001b[39m","message":"\u001b[34m\u001b[1m\u001b[3mAttempting to connect to MongoDB at cluster0.e7kgaui.mongodb.net\u001b[23m\u001b[22m\u001b[39m","timestamp":"2025-05-14T16:52:40.097Z"}
{"level":"\u001b[32minfo\u001b[39m","message":"\u001b[32m\u001b[1m\u001b[3mSuccessfully connected to MongoDB! Database: Lawyer\u001b[23m\u001b[22m\u001b[39m","timestamp":"2025-05-14T16:52:40.455Z"}
{"level":"\u001b[32minfo\u001b[39m","message":"\u001b[32m\u001b[1m\u001b[3mServer started on port 5000\u001b[23m\u001b[22m\u001b[39m","timestamp":"2025-05-14T16:52:40.458Z"}
{"level":"\u001b[32minfo\u001b[39m","message":"\u001b[34m\u001b[1m\u001b[3mAttempting to connect to MongoDB at cluster0.e7kgaui.mongodb.net\u001b[23m\u001b[22m\u001b[39m","timestamp":"2025-05-14T16:54:47.024Z"}
{"level":"\u001b[32minfo\u001b[39m","message":"\u001b[32m\u001b[1m\u001b[3mSuccessfully connected to MongoDB! Database: Lawyer\u001b[23m\u001b[22m\u001b[39m","timestamp":"2025-05-14T16:54:47.738Z"}
{"level":"\u001b[32minfo\u001b[39m","message":"\u001b[32m\u001b[1m\u001b[3mServer started on port 5000\u001b[23m\u001b[22m\u001b[39m","timestamp":"2025-05-14T16:54:47.742Z"}
{"level":"\u001b[32minfo\u001b[39m","message":"\u001b[34m\u001b[1m\u001b[3mAttempting to connect to MongoDB at cluster0.e7kgaui.mongodb.net\u001b[23m\u001b[22m\u001b[39m","timestamp":"2025-05-14T16:54:52.946Z"}
{"level":"\u001b[32minfo\u001b[39m","message":"\u001b[32m\u001b[1m\u001b[3mSuccessfully connected to MongoDB! Database: Lawyer\u001b[23m\u001b[22m\u001b[39m","timestamp":"2025-05-14T16:54:53.347Z"}
{"level":"\u001b[32minfo\u001b[39m","message":"\u001b[32m\u001b[1m\u001b[3mServer started on port 5000\u001b[23m\u001b[22m\u001b[39m","timestamp":"2025-05-14T16:54:53.352Z"}
{"level":"\u001b[32minfo\u001b[39m","message":"\u001b[34m\u001b[1m\u001b[3mAttempting to connect to MongoDB at cluster0.e7kgaui.mongodb.net\u001b[23m\u001b[22m\u001b[39m","timestamp":"2025-05-14T16:55:46.783Z"}
{"level":"\u001b[32minfo\u001b[39m","message":"\u001b[32m\u001b[1m\u001b[3mSuccessfully connected to MongoDB! Database: Lawyer\u001b[23m\u001b[22m\u001b[39m","timestamp":"2025-05-14T16:55:47.723Z"}
{"level":"\u001b[32minfo\u001b[39m","message":"\u001b[32m\u001b[1m\u001b[3mServer started on port 5000\u001b[23m\u001b[22m\u001b[39m","timestamp":"2025-05-14T16:55:47.725Z"}
{"level":"\u001b[32minfo\u001b[39m","message":"\u001b[34m\u001b[1m\u001b[3mAttempting to connect to MongoDB at cluster0.e7kgaui.mongodb.net\u001b[23m\u001b[22m\u001b[39m","timestamp":"2025-05-14T16:55:48.974Z"}
{"level":"\u001b[32minfo\u001b[39m","message":"\u001b[32m\u001b[1m\u001b[3mSuccessfully connected to MongoDB! Database: Lawyer\u001b[23m\u001b[22m\u001b[39m","timestamp":"2025-05-14T16:55:49.576Z"}
{"level":"\u001b[32minfo\u001b[39m","message":"\u001b[32m\u001b[1m\u001b[3mServer started on port 5000\u001b[23m\u001b[22m\u001b[39m","timestamp":"2025-05-14T16:55:49.579Z"}
{"level":"\u001b[32minfo\u001b[39m","message":"\u001b[34m\u001b[1m\u001b[3mAttempting to connect to MongoDB at cluster0.e7kgaui.mongodb.net\u001b[23m\u001b[22m\u001b[39m","timestamp":"2025-05-14T16:55:52.407Z"}
{"level":"\u001b[32minfo\u001b[39m","message":"\u001b[32m\u001b[1m\u001b[3mSuccessfully connected to MongoDB! Database: Lawyer\u001b[23m\u001b[22m\u001b[39m","timestamp":"2025-05-14T16:55:52.735Z"}
{"level":"\u001b[32minfo\u001b[39m","message":"\u001b[32m\u001b[1m\u001b[3mServer started on port 5000\u001b[23m\u001b[22m\u001b[39m","timestamp":"2025-05-14T16:55:52.741Z"}
{"level":"\u001b[32minfo\u001b[39m","message":"\u001b[34m\u001b[1m\u001b[3mAttempting to connect to MongoDB at cluster0.e7kgaui.mongodb.net\u001b[23m\u001b[22m\u001b[39m","timestamp":"2025-05-14T16:55:54.181Z"}
{"level":"\u001b[32minfo\u001b[39m","message":"\u001b[32m\u001b[1m\u001b[3mSuccessfully connected to MongoDB! Database: Lawyer\u001b[23m\u001b[22m\u001b[39m","timestamp":"2025-05-14T16:55:54.514Z"}
{"level":"\u001b[32minfo\u001b[39m","message":"\u001b[32m\u001b[1m\u001b[3mServer started on port 5000\u001b[23m\u001b[22m\u001b[39m","timestamp":"2025-05-14T16:55:54.519Z"}
{"level":"\u001b[32minfo\u001b[39m","message":"\u001b[34m\u001b[1m\u001b[3mAttempting to connect to MongoDB at cluster0.e7kgaui.mongodb.net\u001b[23m\u001b[22m\u001b[39m","timestamp":"2025-05-14T16:56:19.549Z"}
{"level":"\u001b[32minfo\u001b[39m","message":"\u001b[32m\u001b[1m\u001b[3mSuccessfully connected to MongoDB! Database: Lawyer\u001b[23m\u001b[22m\u001b[39m","timestamp":"2025-05-14T16:56:19.882Z"}
{"level":"\u001b[32minfo\u001b[39m","message":"\u001b[32m\u001b[1m\u001b[3mServer started on port 5000\u001b[23m\u001b[22m\u001b[39m","timestamp":"2025-05-14T16:56:19.885Z"}
{"level":"\u001b[32minfo\u001b[39m","message":"\u001b[34m\u001b[1m\u001b[3mAttempting to connect to MongoDB at cluster0.e7kgaui.mongodb.net\u001b[23m\u001b[22m\u001b[39m","timestamp":"2025-05-14T16:56:35.276Z"}
{"level":"\u001b[32minfo\u001b[39m","message":"\u001b[32m\u001b[1m\u001b[3mSuccessfully connected to MongoDB! Database: Lawyer\u001b[23m\u001b[22m\u001b[39m","timestamp":"2025-05-14T16:56:35.635Z"}
{"level":"\u001b[32minfo\u001b[39m","message":"\u001b[32m\u001b[1m\u001b[3mServer started on port 5000\u001b[23m\u001b[22m\u001b[39m","timestamp":"2025-05-14T16:56:35.638Z"}
{"level":"\u001b[32minfo\u001b[39m","message":"\u001b[34m\u001b[1m\u001b[3mAttempting to connect to MongoDB at cluster0.e7kgaui.mongodb.net\u001b[23m\u001b[22m\u001b[39m","timestamp":"2025-05-14T16:56:47.940Z"}
{"level":"\u001b[32minfo\u001b[39m","message":"\u001b[32m\u001b[1m\u001b[3mSuccessfully connected to MongoDB! Database: Lawyer\u001b[23m\u001b[22m\u001b[39m","timestamp":"2025-05-14T16:56:48.275Z"}
{"level":"\u001b[32minfo\u001b[39m","message":"\u001b[32m\u001b[1m\u001b[3mServer started on port 5000\u001b[23m\u001b[22m\u001b[39m","timestamp":"2025-05-14T16:56:48.278Z"}
{"level":"\u001b[32minfo\u001b[39m","message":"\u001b[34m\u001b[1m\u001b[3mAttempting to connect to MongoDB at cluster0.e7kgaui.mongodb.net\u001b[23m\u001b[22m\u001b[39m","timestamp":"2025-05-14T16:56:50.205Z"}
{"level":"\u001b[32minfo\u001b[39m","message":"\u001b[34m\u001b[1m\u001b[3mAttempting to connect to MongoDB at cluster0.e7kgaui.mongodb.net\u001b[23m\u001b[22m\u001b[39m","timestamp":"2025-05-14T16:56:51.856Z"}
{"level":"\u001b[32minfo\u001b[39m","message":"\u001b[32m\u001b[1m\u001b[3mSuccessfully connected to MongoDB! Database: Lawyer\u001b[23m\u001b[22m\u001b[39m","timestamp":"2025-05-14T16:56:52.174Z"}
{"level":"\u001b[32minfo\u001b[39m","message":"\u001b[32m\u001b[1m\u001b[3mServer started on port 5000\u001b[23m\u001b[22m\u001b[39m","timestamp":"2025-05-14T16:56:52.179Z"}
{"level":"\u001b[32minfo\u001b[39m","message":"\u001b[34m\u001b[1m\u001b[3mAttempting to connect to MongoDB at cluster0.e7kgaui.mongodb.net\u001b[23m\u001b[22m\u001b[39m","timestamp":"2025-05-14T16:56:53.754Z"}
{"level":"\u001b[32minfo\u001b[39m","message":"\u001b[32m\u001b[1m\u001b[3mSuccessfully connected to MongoDB! Database: Lawyer\u001b[23m\u001b[22m\u001b[39m","timestamp":"2025-05-14T16:56:54.080Z"}
{"level":"\u001b[32minfo\u001b[39m","message":"\u001b[32m\u001b[1m\u001b[3mServer started on port 5000\u001b[23m\u001b[22m\u001b[39m","timestamp":"2025-05-14T16:56:54.083Z"}
{"level":"\u001b[32minfo\u001b[39m","message":"\u001b[34m\u001b[1m\u001b[3mAttempting to connect to MongoDB at cluster0.e7kgaui.mongodb.net\u001b[23m\u001b[22m\u001b[39m","timestamp":"2025-05-14T16:56:58.433Z"}
{"level":"\u001b[32minfo\u001b[39m","message":"\u001b[34m\u001b[1m\u001b[3mAttempting to connect to MongoDB at cluster0.e7kgaui.mongodb.net\u001b[23m\u001b[22m\u001b[39m","timestamp":"2025-05-14T16:56:59.758Z"}
{"level":"\u001b[32minfo\u001b[39m","message":"\u001b[32m\u001b[1m\u001b[3mSuccessfully connected to MongoDB! Database: Lawyer\u001b[23m\u001b[22m\u001b[39m","timestamp":"2025-05-14T16:57:00.082Z"}
{"level":"\u001b[32minfo\u001b[39m","message":"\u001b[32m\u001b[1m\u001b[3mServer started on port 5000\u001b[23m\u001b[22m\u001b[39m","timestamp":"2025-05-14T16:57:00.086Z"}
{"level":"\u001b[32minfo\u001b[39m","message":"\u001b[34m\u001b[1m\u001b[3mAttempting to connect to MongoDB at cluster0.e7kgaui.mongodb.net\u001b[23m\u001b[22m\u001b[39m","timestamp":"2025-05-14T16:57:03.876Z"}
{"level":"\u001b[32minfo\u001b[39m","message":"\u001b[32m\u001b[1m\u001b[3mSuccessfully connected to MongoDB! Database: Lawyer\u001b[23m\u001b[22m\u001b[39m","timestamp":"2025-05-14T16:57:04.212Z"}
{"level":"\u001b[32minfo\u001b[39m","message":"\u001b[32m\u001b[1m\u001b[3mServer started on port 5000\u001b[23m\u001b[22m\u001b[39m","timestamp":"2025-05-14T16:57:04.216Z"}
{"level":"\u001b[32minfo\u001b[39m","message":"\u001b[34m\u001b[1m\u001b[3mAttempting to connect to MongoDB at cluster0.e7kgaui.mongodb.net\u001b[23m\u001b[22m\u001b[39m","timestamp":"2025-05-14T16:57:06.059Z"}
{"level":"\u001b[32minfo\u001b[39m","message":"\u001b[32m\u001b[1m\u001b[3mSuccessfully connected to MongoDB! Database: Lawyer\u001b[23m\u001b[22m\u001b[39m","timestamp":"2025-05-14T16:57:06.543Z"}
{"level":"\u001b[32minfo\u001b[39m","message":"\u001b[32m\u001b[1m\u001b[3mServer started on port 5000\u001b[23m\u001b[22m\u001b[39m","timestamp":"2025-05-14T16:57:06.547Z"}
{"level":"\u001b[32minfo\u001b[39m","message":"\u001b[34m\u001b[1m\u001b[3mAttempting to connect to MongoDB at cluster0.e7kgaui.mongodb.net\u001b[23m\u001b[22m\u001b[39m","timestamp":"2025-05-14T16:57:07.512Z"}
{"level":"\u001b[32minfo\u001b[39m","message":"\u001b[32m\u001b[1m\u001b[3mSuccessfully connected to MongoDB! Database: Lawyer\u001b[23m\u001b[22m\u001b[39m","timestamp":"2025-05-14T16:57:07.873Z"}
{"level":"\u001b[32minfo\u001b[39m","message":"\u001b[32m\u001b[1m\u001b[3mServer started on port 5000\u001b[23m\u001b[22m\u001b[39m","timestamp":"2025-05-14T16:57:07.877Z"}
{"level":"\u001b[32minfo\u001b[39m","message":"\u001b[34m\u001b[1m\u001b[3mAttempting to connect to MongoDB at cluster0.e7kgaui.mongodb.net\u001b[23m\u001b[22m\u001b[39m","timestamp":"2025-05-14T16:57:14.291Z"}
{"level":"\u001b[32minfo\u001b[39m","message":"\u001b[32m\u001b[1m\u001b[3mSuccessfully connected to MongoDB! Database: Lawyer\u001b[23m\u001b[22m\u001b[39m","timestamp":"2025-05-14T16:57:14.610Z"}
{"level":"\u001b[32minfo\u001b[39m","message":"\u001b[32m\u001b[1m\u001b[3mServer started on port 5000\u001b[23m\u001b[22m\u001b[39m","timestamp":"2025-05-14T16:57:14.613Z"}
{"level":"\u001b[32minfo\u001b[39m","message":"\u001b[34m\u001b[1m\u001b[3mAttempting to connect to MongoDB at cluster0.e7kgaui.mongodb.net\u001b[23m\u001b[22m\u001b[39m","timestamp":"2025-05-14T16:57:35.637Z"}
{"level":"\u001b[32minfo\u001b[39m","message":"\u001b[32m\u001b[1m\u001b[3mSuccessfully connected to MongoDB! Database: Lawyer\u001b[23m\u001b[22m\u001b[39m","timestamp":"2025-05-14T16:57:36.156Z"}
{"level":"\u001b[32minfo\u001b[39m","message":"\u001b[32m\u001b[1m\u001b[3mServer started on port 5000\u001b[23m\u001b[22m\u001b[39m","timestamp":"2025-05-14T16:57:36.162Z"}
{"level":"\u001b[32minfo\u001b[39m","message":"\u001b[34m\u001b[1m\u001b[3mAttempting to connect to MongoDB at cluster0.e7kgaui.mongodb.net\u001b[23m\u001b[22m\u001b[39m","timestamp":"2025-05-14T16:57:38.387Z"}
{"level":"\u001b[32minfo\u001b[39m","message":"\u001b[32m\u001b[1m\u001b[3mSuccessfully connected to MongoDB! Database: Lawyer\u001b[23m\u001b[22m\u001b[39m","timestamp":"2025-05-14T16:57:38.737Z"}
{"level":"\u001b[32minfo\u001b[39m","message":"\u001b[32m\u001b[1m\u001b[3mServer started on port 5000\u001b[23m\u001b[22m\u001b[39m","timestamp":"2025-05-14T16:57:38.741Z"}
{"level":"\u001b[32minfo\u001b[39m","message":"\u001b[34m\u001b[1m\u001b[3mAttempting to connect to MongoDB at cluster0.e7kgaui.mongodb.net\u001b[23m\u001b[22m\u001b[39m","timestamp":"2025-05-14T16:57:40.961Z"}
{"level":"\u001b[32minfo\u001b[39m","message":"\u001b[32m\u001b[1m\u001b[3mSuccessfully connected to MongoDB! Database: Lawyer\u001b[23m\u001b[22m\u001b[39m","timestamp":"2025-05-14T16:57:41.295Z"}
{"level":"\u001b[32minfo\u001b[39m","message":"\u001b[32m\u001b[1m\u001b[3mServer started on port 5000\u001b[23m\u001b[22m\u001b[39m","timestamp":"2025-05-14T16:57:41.298Z"}
{"level":"\u001b[32minfo\u001b[39m","message":"\u001b[34m\u001b[1m\u001b[3mAttempting to connect to MongoDB at cluster0.e7kgaui.mongodb.net\u001b[23m\u001b[22m\u001b[39m","timestamp":"2025-05-14T17:11:15.114Z"}
{"level":"\u001b[32minfo\u001b[39m","message":"\u001b[32m\u001b[1m\u001b[3mSuccessfully connected to MongoDB! Database: Lawyer\u001b[23m\u001b[22m\u001b[39m","timestamp":"2025-05-14T17:11:17.862Z"}
{"level":"\u001b[32minfo\u001b[39m","message":"\u001b[32m\u001b[1m\u001b[3mServer started on port 5000\u001b[23m\u001b[22m\u001b[39m","timestamp":"2025-05-14T17:11:17.869Z"}
{"level":"\u001b[32minfo\u001b[39m","message":"\u001b[34m\u001b[1m\u001b[3mAttempting to connect to MongoDB at cluster0.e7kgaui.mongodb.net\u001b[23m\u001b[22m\u001b[39m","timestamp":"2025-05-14T17:11:29.951Z"}
{"level":"\u001b[32minfo\u001b[39m","message":"\u001b[32m\u001b[1m\u001b[3mSuccessfully connected to MongoDB! Database: Lawyer\u001b[23m\u001b[22m\u001b[39m","timestamp":"2025-05-14T17:11:30.283Z"}
{"level":"\u001b[32minfo\u001b[39m","message":"\u001b[32m\u001b[1m\u001b[3mServer started on port 5000\u001b[23m\u001b[22m\u001b[39m","timestamp":"2025-05-14T17:11:30.287Z"}
{"level":"\u001b[32minfo\u001b[39m","message":"\u001b[34m\u001b[1m\u001b[3mAttempting to connect to MongoDB at cluster0.e7kgaui.mongodb.net\u001b[23m\u001b[22m\u001b[39m","timestamp":"2025-05-14T17:12:06.274Z"}
{"level":"\u001b[32minfo\u001b[39m","message":"\u001b[34m\u001b[1m\u001b[3mAttempting to connect to MongoDB at cluster0.e7kgaui.mongodb.net\u001b[23m\u001b[22m\u001b[39m","timestamp":"2025-05-14T17:12:08.826Z"}
{"level":"\u001b[32minfo\u001b[39m","message":"\u001b[34m\u001b[1m\u001b[3mAttempting to connect to MongoDB at cluster0.e7kgaui.mongodb.net\u001b[23m\u001b[22m\u001b[39m","timestamp":"2025-05-14T17:12:09.881Z"}
{"level":"\u001b[32minfo\u001b[39m","message":"\u001b[32m\u001b[1m\u001b[3mSuccessfully connected to MongoDB! Database: Lawyer\u001b[23m\u001b[22m\u001b[39m","timestamp":"2025-05-14T17:12:10.215Z"}
{"level":"\u001b[32minfo\u001b[39m","message":"\u001b[32m\u001b[1m\u001b[3mServer started on port 5000\u001b[23m\u001b[22m\u001b[39m","timestamp":"2025-05-14T17:12:10.220Z"}
{"level":"\u001b[32minfo\u001b[39m","message":"\u001b[34m\u001b[1m\u001b[3mAttempting to connect to MongoDB at cluster0.e7kgaui.mongodb.net\u001b[23m\u001b[22m\u001b[39m","timestamp":"2025-05-14T17:13:39.219Z"}
{"level":"\u001b[32minfo\u001b[39m","message":"\u001b[32m\u001b[1m\u001b[3mSuccessfully connected to MongoDB! Database: Lawyer\u001b[23m\u001b[22m\u001b[39m","timestamp":"2025-05-14T17:13:39.880Z"}
{"level":"\u001b[32minfo\u001b[39m","message":"\u001b[32m\u001b[1m\u001b[3mServer started on port 5000\u001b[23m\u001b[22m\u001b[39m","timestamp":"2025-05-14T17:13:39.885Z"}
{"level":"\u001b[32minfo\u001b[39m","message":"\u001b[34m\u001b[1m\u001b[3mAttempting to connect to MongoDB at cluster0.e7kgaui.mongodb.net\u001b[23m\u001b[22m\u001b[39m","timestamp":"2025-05-14T17:13:40.926Z"}
{"level":"\u001b[32minfo\u001b[39m","message":"\u001b[32m\u001b[1m\u001b[3mSuccessfully connected to MongoDB! Database: Lawyer\u001b[23m\u001b[22m\u001b[39m","timestamp":"2025-05-14T17:13:41.310Z"}
{"level":"\u001b[32minfo\u001b[39m","message":"\u001b[32m\u001b[1m\u001b[3mServer started on port 5000\u001b[23m\u001b[22m\u001b[39m","timestamp":"2025-05-14T17:13:41.315Z"}
{"level":"\u001b[32minfo\u001b[39m","message":"\u001b[34m\u001b[1m\u001b[3mAttempting to connect to MongoDB at cluster0.e7kgaui.mongodb.net\u001b[23m\u001b[22m\u001b[39m","timestamp":"2025-05-14T17:17:19.928Z"}
{"level":"\u001b[32minfo\u001b[39m","message":"\u001b[32m\u001b[1m\u001b[3mSuccessfully connected to MongoDB! Database: Lawyer\u001b[23m\u001b[22m\u001b[39m","timestamp":"2025-05-14T17:17:20.349Z"}
{"level":"\u001b[32minfo\u001b[39m","message":"\u001b[32m\u001b[1m\u001b[3mServer started on port 5000\u001b[23m\u001b[22m\u001b[39m","timestamp":"2025-05-14T17:17:20.354Z"}
{"level":"\u001b[32minfo\u001b[39m","message":"\u001b[34m\u001b[1m\u001b[3mAttempting to connect to MongoDB at cluster0.e7kgaui.mongodb.net\u001b[23m\u001b[22m\u001b[39m","timestamp":"2025-05-14T17:17:23.657Z"}
{"level":"\u001b[32minfo\u001b[39m","message":"\u001b[32m\u001b[1m\u001b[3mSuccessfully connected to MongoDB! Database: Lawyer\u001b[23m\u001b[22m\u001b[39m","timestamp":"2025-05-14T17:17:23.986Z"}
{"level":"\u001b[32minfo\u001b[39m","message":"\u001b[32m\u001b[1m\u001b[3mServer started on port 5000\u001b[23m\u001b[22m\u001b[39m","timestamp":"2025-05-14T17:17:23.991Z"}
{"level":"\u001b[32minfo\u001b[39m","message":"\u001b[34m\u001b[1m\u001b[3mAttempting to connect to MongoDB at cluster0.e7kgaui.mongodb.net\u001b[23m\u001b[22m\u001b[39m","timestamp":"2025-05-14T17:17:34.902Z"}
{"level":"\u001b[32minfo\u001b[39m","message":"\u001b[32m\u001b[1m\u001b[3mSuccessfully connected to MongoDB! Database: Lawyer\u001b[23m\u001b[22m\u001b[39m","timestamp":"2025-05-14T17:17:35.252Z"}
{"level":"\u001b[32minfo\u001b[39m","message":"\u001b[32m\u001b[1m\u001b[3mServer started on port 5000\u001b[23m\u001b[22m\u001b[39m","timestamp":"2025-05-14T17:17:35.259Z"}
{"level":"\u001b[32minfo\u001b[39m","message":"\u001b[34m\u001b[1m\u001b[3mAttempting to connect to MongoDB at cluster0.e7kgaui.mongodb.net\u001b[23m\u001b[22m\u001b[39m","timestamp":"2025-05-14T17:17:45.820Z"}
{"level":"\u001b[32minfo\u001b[39m","message":"\u001b[32m\u001b[1m\u001b[3mSuccessfully connected to MongoDB! Database: Lawyer\u001b[23m\u001b[22m\u001b[39m","timestamp":"2025-05-14T17:17:46.147Z"}
{"level":"\u001b[32minfo\u001b[39m","message":"\u001b[32m\u001b[1m\u001b[3mServer started on port 5000\u001b[23m\u001b[22m\u001b[39m","timestamp":"2025-05-14T17:17:46.151Z"}
{"level":"\u001b[32minfo\u001b[39m","message":"\u001b[34m\u001b[1m\u001b[3mAttempting to connect to MongoDB at cluster0.e7kgaui.mongodb.net\u001b[23m\u001b[22m\u001b[39m","timestamp":"2025-05-14T17:17:51.780Z"}
{"level":"\u001b[32minfo\u001b[39m","message":"\u001b[34m\u001b[1m\u001b[3mAttempting to connect to MongoDB at cluster0.e7kgaui.mongodb.net\u001b[23m\u001b[22m\u001b[39m","timestamp":"2025-05-14T17:17:54.014Z"}
{"level":"\u001b[32minfo\u001b[39m","message":"\u001b[32m\u001b[1m\u001b[3mSuccessfully connected to MongoDB! Database: Lawyer\u001b[23m\u001b[22m\u001b[39m","timestamp":"2025-05-14T17:17:54.344Z"}
{"level":"\u001b[32minfo\u001b[39m","message":"\u001b[32m\u001b[1m\u001b[3mServer started on port 5000\u001b[23m\u001b[22m\u001b[39m","timestamp":"2025-05-14T17:17:54.350Z"}
{"level":"\u001b[32minfo\u001b[39m","message":"\u001b[34m\u001b[1m\u001b[3mAttempting to connect to MongoDB at cluster0.e7kgaui.mongodb.net\u001b[23m\u001b[22m\u001b[39m","timestamp":"2025-05-14T17:19:04.585Z"}
{"level":"\u001b[32minfo\u001b[39m","message":"\u001b[32m\u001b[1m\u001b[3mSuccessfully connected to MongoDB! Database: Lawyer\u001b[23m\u001b[22m\u001b[39m","timestamp":"2025-05-14T17:19:05.174Z"}
{"level":"\u001b[32minfo\u001b[39m","message":"\u001b[32m\u001b[1m\u001b[3mServer started on port 5000\u001b[23m\u001b[22m\u001b[39m","timestamp":"2025-05-14T17:19:05.177Z"}
{"level":"\u001b[32minfo\u001b[39m","message":"\u001b[34m\u001b[1m\u001b[3mAttempting to connect to MongoDB at cluster0.e7kgaui.mongodb.net\u001b[23m\u001b[22m\u001b[39m","timestamp":"2025-05-14T17:19:08.068Z"}
{"level":"\u001b[32minfo\u001b[39m","message":"\u001b[34m\u001b[1m\u001b[3mAttempting to connect to MongoDB at cluster0.e7kgaui.mongodb.net\u001b[23m\u001b[22m\u001b[39m","timestamp":"2025-05-14T17:19:09.459Z"}
{"level":"\u001b[32minfo\u001b[39m","message":"\u001b[32m\u001b[1m\u001b[3mSuccessfully connected to MongoDB! Database: Lawyer\u001b[23m\u001b[22m\u001b[39m","timestamp":"2025-05-14T17:19:09.796Z"}
{"level":"\u001b[32minfo\u001b[39m","message":"\u001b[32m\u001b[1m\u001b[3mServer started on port 5000\u001b[23m\u001b[22m\u001b[39m","timestamp":"2025-05-14T17:19:09.801Z"}
{"level":"\u001b[32minfo\u001b[39m","message":"\u001b[34m\u001b[1m\u001b[3mAttempting to connect to MongoDB at cluster0.e7kgaui.mongodb.net\u001b[23m\u001b[22m\u001b[39m","timestamp":"2025-05-14T17:19:21.363Z"}
{"level":"\u001b[32minfo\u001b[39m","message":"\u001b[32m\u001b[1m\u001b[3mSuccessfully connected to MongoDB! Database: Lawyer\u001b[23m\u001b[22m\u001b[39m","timestamp":"2025-05-14T17:19:21.683Z"}
{"level":"\u001b[32minfo\u001b[39m","message":"\u001b[32m\u001b[1m\u001b[3mServer started on port 5000\u001b[23m\u001b[22m\u001b[39m","timestamp":"2025-05-14T17:19:21.686Z"}
{"level":"\u001b[32minfo\u001b[39m","message":"\u001b[34m\u001b[1m\u001b[3mAttempting to connect to MongoDB at cluster0.e7kgaui.mongodb.net\u001b[23m\u001b[22m\u001b[39m","timestamp":"2025-05-14T17:19:24.915Z"}
{"level":"\u001b[32minfo\u001b[39m","message":"\u001b[32m\u001b[1m\u001b[3mSuccessfully connected to MongoDB! Database: Lawyer\u001b[23m\u001b[22m\u001b[39m","timestamp":"2025-05-14T17:19:25.241Z"}
{"level":"\u001b[32minfo\u001b[39m","message":"\u001b[32m\u001b[1m\u001b[3mServer started on port 5000\u001b[23m\u001b[22m\u001b[39m","timestamp":"2025-05-14T17:19:25.246Z"}
{"level":"\u001b[32minfo\u001b[39m","message":"\u001b[34m\u001b[1m\u001b[3mAttempting to connect to MongoDB at cluster0.e7kgaui.mongodb.net\u001b[23m\u001b[22m\u001b[39m","timestamp":"2025-05-14T17:19:27.027Z"}
{"level":"\u001b[32minfo\u001b[39m","message":"\u001b[32m\u001b[1m\u001b[3mSuccessfully connected to MongoDB! Database: Lawyer\u001b[23m\u001b[22m\u001b[39m","timestamp":"2025-05-14T17:19:27.411Z"}
{"level":"\u001b[32minfo\u001b[39m","message":"\u001b[32m\u001b[1m\u001b[3mServer started on port 5000\u001b[23m\u001b[22m\u001b[39m","timestamp":"2025-05-14T17:19:27.413Z"}
{"level":"\u001b[32minfo\u001b[39m","message":"\u001b[34m\u001b[1m\u001b[3mAttempting to connect to MongoDB at cluster0.e7kgaui.mongodb.net\u001b[23m\u001b[22m\u001b[39m","timestamp":"2025-05-14T17:19:39.547Z"}
{"level":"\u001b[32minfo\u001b[39m","message":"\u001b[32m\u001b[1m\u001b[3mSuccessfully connected to MongoDB! Database: Lawyer\u001b[23m\u001b[22m\u001b[39m","timestamp":"2025-05-14T17:19:39.874Z"}
{"level":"\u001b[32minfo\u001b[39m","message":"\u001b[32m\u001b[1m\u001b[3mServer started on port 5000\u001b[23m\u001b[22m\u001b[39m","timestamp":"2025-05-14T17:19:39.879Z"}
{"level":"\u001b[32minfo\u001b[39m","message":"\u001b[34m\u001b[1m\u001b[3mAttempting to connect to MongoDB at cluster0.e7kgaui.mongodb.net\u001b[23m\u001b[22m\u001b[39m","timestamp":"2025-05-14T17:19:42.658Z"}
{"level":"\u001b[32minfo\u001b[39m","message":"\u001b[32m\u001b[1m\u001b[3mSuccessfully connected to MongoDB! Database: Lawyer\u001b[23m\u001b[22m\u001b[39m","timestamp":"2025-05-14T17:19:42.995Z"}
{"level":"\u001b[32minfo\u001b[39m","message":"\u001b[32m\u001b[1m\u001b[3mServer started on port 5000\u001b[23m\u001b[22m\u001b[39m","timestamp":"2025-05-14T17:19:42.999Z"}
{"level":"\u001b[32minfo\u001b[39m","message":"\u001b[34m\u001b[1m\u001b[3mAttempting to connect to MongoDB at cluster0.e7kgaui.mongodb.net\u001b[23m\u001b[22m\u001b[39m","timestamp":"2025-05-14T17:19:45.576Z"}
{"level":"\u001b[32minfo\u001b[39m","message":"\u001b[32m\u001b[1m\u001b[3mSuccessfully connected to MongoDB! Database: Lawyer\u001b[23m\u001b[22m\u001b[39m","timestamp":"2025-05-14T17:19:45.908Z"}
{"level":"\u001b[32minfo\u001b[39m","message":"\u001b[32m\u001b[1m\u001b[3mServer started on port 5000\u001b[23m\u001b[22m\u001b[39m","timestamp":"2025-05-14T17:19:45.912Z"}
{"level":"\u001b[32minfo\u001b[39m","message":"\u001b[34m\u001b[1m\u001b[3mAttempting to connect to MongoDB at cluster0.e7kgaui.mongodb.net\u001b[23m\u001b[22m\u001b[39m","timestamp":"2025-05-14T17:19:47.745Z"}
{"level":"\u001b[32minfo\u001b[39m","message":"\u001b[32m\u001b[1m\u001b[3mSuccessfully connected to MongoDB! Database: Lawyer\u001b[23m\u001b[22m\u001b[39m","timestamp":"2025-05-14T17:19:48.091Z"}
{"level":"\u001b[32minfo\u001b[39m","message":"\u001b[32m\u001b[1m\u001b[3mServer started on port 5000\u001b[23m\u001b[22m\u001b[39m","timestamp":"2025-05-14T17:19:48.094Z"}
{"level":"\u001b[32minfo\u001b[39m","message":"\u001b[34m\u001b[1m\u001b[3mAttempting to connect to MongoDB at cluster0.e7kgaui.mongodb.net\u001b[23m\u001b[22m\u001b[39m","timestamp":"2025-05-14T17:19:48.816Z"}
{"level":"\u001b[32minfo\u001b[39m","message":"\u001b[32m\u001b[1m\u001b[3mSuccessfully connected to MongoDB! Database: Lawyer\u001b[23m\u001b[22m\u001b[39m","timestamp":"2025-05-14T17:19:49.149Z"}
{"level":"\u001b[32minfo\u001b[39m","message":"\u001b[32m\u001b[1m\u001b[3mServer started on port 5000\u001b[23m\u001b[22m\u001b[39m","timestamp":"2025-05-14T17:19:49.153Z"}
{"level":"\u001b[32minfo\u001b[39m","message":"\u001b[34m\u001b[1m\u001b[3mAttempting to connect to MongoDB at cluster0.e7kgaui.mongodb.net\u001b[23m\u001b[22m\u001b[39m","timestamp":"2025-05-14T17:19:51.406Z"}
{"level":"\u001b[32minfo\u001b[39m","message":"\u001b[32m\u001b[1m\u001b[3mSuccessfully connected to MongoDB! Database: Lawyer\u001b[23m\u001b[22m\u001b[39m","timestamp":"2025-05-14T17:19:51.803Z"}
{"level":"\u001b[32minfo\u001b[39m","message":"\u001b[32m\u001b[1m\u001b[3mServer started on port 5000\u001b[23m\u001b[22m\u001b[39m","timestamp":"2025-05-14T17:19:51.806Z"}
{"level":"\u001b[32minfo\u001b[39m","message":"\u001b[34m\u001b[1m\u001b[3mAttempting to connect to MongoDB at cluster0.e7kgaui.mongodb.net\u001b[23m\u001b[22m\u001b[39m","timestamp":"2025-05-14T17:19:52.555Z"}
{"level":"\u001b[32minfo\u001b[39m","message":"\u001b[32m\u001b[1m\u001b[3mSuccessfully connected to MongoDB! Database: Lawyer\u001b[23m\u001b[22m\u001b[39m","timestamp":"2025-05-14T17:19:52.908Z"}
{"level":"\u001b[32minfo\u001b[39m","message":"\u001b[32m\u001b[1m\u001b[3mServer started on port 5000\u001b[23m\u001b[22m\u001b[39m","timestamp":"2025-05-14T17:19:52.912Z"}
{"level":"\u001b[32minfo\u001b[39m","message":"\u001b[34m\u001b[1m\u001b[3mAttempting to connect to MongoDB at cluster0.e7kgaui.mongodb.net\u001b[23m\u001b[22m\u001b[39m","timestamp":"2025-05-14T17:19:53.819Z"}
{"level":"\u001b[32minfo\u001b[39m","message":"\u001b[32m\u001b[1m\u001b[3mSuccessfully connected to MongoDB! Database: Lawyer\u001b[23m\u001b[22m\u001b[39m","timestamp":"2025-05-14T17:19:54.149Z"}
{"level":"\u001b[32minfo\u001b[39m","message":"\u001b[32m\u001b[1m\u001b[3mServer started on port 5000\u001b[23m\u001b[22m\u001b[39m","timestamp":"2025-05-14T17:19:54.153Z"}
{"level":"\u001b[32minfo\u001b[39m","message":"\u001b[34m\u001b[1m\u001b[3mAttempting to connect to MongoDB at cluster0.e7kgaui.mongodb.net\u001b[23m\u001b[22m\u001b[39m","timestamp":"2025-05-14T17:19:55.226Z"}
{"level":"\u001b[32minfo\u001b[39m","message":"\u001b[32m\u001b[1m\u001b[3mSuccessfully connected to MongoDB! Database: Lawyer\u001b[23m\u001b[22m\u001b[39m","timestamp":"2025-05-14T17:19:55.553Z"}
{"level":"\u001b[32minfo\u001b[39m","message":"\u001b[32m\u001b[1m\u001b[3mServer started on port 5000\u001b[23m\u001b[22m\u001b[39m","timestamp":"2025-05-14T17:19:55.556Z"}
{"level":"\u001b[32minfo\u001b[39m","message":"\u001b[34m\u001b[1m\u001b[3mAttempting to connect to MongoDB at cluster0.e7kgaui.mongodb.net\u001b[23m\u001b[22m\u001b[39m","timestamp":"2025-05-14T17:19:58.987Z"}
{"level":"\u001b[32minfo\u001b[39m","message":"\u001b[32m\u001b[1m\u001b[3mSuccessfully connected to MongoDB! Database: Lawyer\u001b[23m\u001b[22m\u001b[39m","timestamp":"2025-05-14T17:19:59.329Z"}
{"level":"\u001b[32minfo\u001b[39m","message":"\u001b[32m\u001b[1m\u001b[3mServer started on port 5000\u001b[23m\u001b[22m\u001b[39m","timestamp":"2025-05-14T17:19:59.333Z"}
{"level":"\u001b[32minfo\u001b[39m","message":"\u001b[34m\u001b[1m\u001b[3mAttempting to connect to MongoDB at cluster0.e7kgaui.mongodb.net\u001b[23m\u001b[22m\u001b[39m","timestamp":"2025-05-14T17:20:19.198Z"}
{"level":"\u001b[32minfo\u001b[39m","message":"\u001b[32m\u001b[1m\u001b[3mSuccessfully connected to MongoDB! Database: Lawyer\u001b[23m\u001b[22m\u001b[39m","timestamp":"2025-05-14T17:20:19.532Z"}
{"level":"\u001b[32minfo\u001b[39m","message":"\u001b[32m\u001b[1m\u001b[3mServer started on port 5000\u001b[23m\u001b[22m\u001b[39m","timestamp":"2025-05-14T17:20:19.535Z"}
{"level":"\u001b[32minfo\u001b[39m","message":"\u001b[34m\u001b[1m\u001b[3mAttempting to connect to MongoDB at cluster0.e7kgaui.mongodb.net\u001b[23m\u001b[22m\u001b[39m","timestamp":"2025-05-14T17:28:03.571Z"}
{"level":"\u001b[32minfo\u001b[39m","message":"\u001b[32m\u001b[1m\u001b[3mSuccessfully connected to MongoDB! Database: Lawyer\u001b[23m\u001b[22m\u001b[39m","timestamp":"2025-05-14T17:28:04.310Z"}
{"level":"\u001b[32minfo\u001b[39m","message":"\u001b[32m\u001b[1m\u001b[3mServer started on port 5000\u001b[23m\u001b[22m\u001b[39m","timestamp":"2025-05-14T17:28:04.315Z"}
{"level":"\u001b[32minfo\u001b[39m","message":"\u001b[34m\u001b[1m\u001b[3mAttempting to connect to MongoDB at cluster0.e7kgaui.mongodb.net\u001b[23m\u001b[22m\u001b[39m","timestamp":"2025-05-14T17:28:06.179Z"}
{"level":"\u001b[32minfo\u001b[39m","message":"\u001b[32m\u001b[1m\u001b[3mSuccessfully connected to MongoDB! Database: Lawyer\u001b[23m\u001b[22m\u001b[39m","timestamp":"2025-05-14T17:28:06.506Z"}
{"level":"\u001b[32minfo\u001b[39m","message":"\u001b[32m\u001b[1m\u001b[3mServer started on port 5000\u001b[23m\u001b[22m\u001b[39m","timestamp":"2025-05-14T17:28:06.510Z"}
{"level":"\u001b[32minfo\u001b[39m","message":"\u001b[34m\u001b[1m\u001b[3mAttempting to connect to MongoDB at cluster0.e7kgaui.mongodb.net\u001b[23m\u001b[22m\u001b[39m","timestamp":"2025-05-14T17:28:07.728Z"}
{"level":"\u001b[32minfo\u001b[39m","message":"\u001b[32m\u001b[1m\u001b[3mSuccessfully connected to MongoDB! Database: Lawyer\u001b[23m\u001b[22m\u001b[39m","timestamp":"2025-05-14T17:28:08.064Z"}
{"level":"\u001b[32minfo\u001b[39m","message":"\u001b[32m\u001b[1m\u001b[3mServer started on port 5000\u001b[23m\u001b[22m\u001b[39m","timestamp":"2025-05-14T17:28:08.068Z"}
{"level":"\u001b[32minfo\u001b[39m","message":"\u001b[34m\u001b[1m\u001b[3mAttempting to connect to MongoDB at cluster0.e7kgaui.mongodb.net\u001b[23m\u001b[22m\u001b[39m","timestamp":"2025-05-14T17:28:09.730Z"}
{"level":"\u001b[32minfo\u001b[39m","message":"\u001b[32m\u001b[1m\u001b[3mSuccessfully connected to MongoDB! Database: Lawyer\u001b[23m\u001b[22m\u001b[39m","timestamp":"2025-05-14T17:28:10.062Z"}
{"level":"\u001b[32minfo\u001b[39m","message":"\u001b[32m\u001b[1m\u001b[3mServer started on port 5000\u001b[23m\u001b[22m\u001b[39m","timestamp":"2025-05-14T17:28:10.064Z"}
{"level":"\u001b[32minfo\u001b[39m","message":"\u001b[34m\u001b[1m\u001b[3mAttempting to connect to MongoDB at cluster0.e7kgaui.mongodb.net\u001b[23m\u001b[22m\u001b[39m","timestamp":"2025-05-14T17:28:12.028Z"}
{"level":"\u001b[32minfo\u001b[39m","message":"\u001b[32m\u001b[1m\u001b[3mSuccessfully connected to MongoDB! Database: Lawyer\u001b[23m\u001b[22m\u001b[39m","timestamp":"2025-05-14T17:28:12.363Z"}
{"level":"\u001b[32minfo\u001b[39m","message":"\u001b[32m\u001b[1m\u001b[3mServer started on port 5000\u001b[23m\u001b[22m\u001b[39m","timestamp":"2025-05-14T17:28:12.366Z"}
{"level":"\u001b[32minfo\u001b[39m","message":"\u001b[34m\u001b[1m\u001b[3mAttempting to connect to MongoDB at cluster0.e7kgaui.mongodb.net\u001b[23m\u001b[22m\u001b[39m","timestamp":"2025-05-14T17:28:14.326Z"}
{"level":"\u001b[32minfo\u001b[39m","message":"\u001b[32m\u001b[1m\u001b[3mSuccessfully connected to MongoDB! Database: Lawyer\u001b[23m\u001b[22m\u001b[39m","timestamp":"2025-05-14T17:28:14.691Z"}
{"level":"\u001b[32minfo\u001b[39m","message":"\u001b[32m\u001b[1m\u001b[3mServer started on port 5000\u001b[23m\u001b[22m\u001b[39m","timestamp":"2025-05-14T17:28:14.696Z"}
{"level":"\u001b[32minfo\u001b[39m","message":"\u001b[34m\u001b[1m\u001b[3mAttempting to connect to MongoDB at cluster0.e7kgaui.mongodb.net\u001b[23m\u001b[22m\u001b[39m","timestamp":"2025-05-14T17:28:16.863Z"}
{"level":"\u001b[32minfo\u001b[39m","message":"\u001b[32m\u001b[1m\u001b[3mSuccessfully connected to MongoDB! Database: Lawyer\u001b[23m\u001b[22m\u001b[39m","timestamp":"2025-05-14T17:28:17.214Z"}
{"level":"\u001b[32minfo\u001b[39m","message":"\u001b[32m\u001b[1m\u001b[3mServer started on port 5000\u001b[23m\u001b[22m\u001b[39m","timestamp":"2025-05-14T17:28:17.217Z"}
{"level":"\u001b[32minfo\u001b[39m","message":"\u001b[34m\u001b[1m\u001b[3mAttempting to connect to MongoDB at cluster0.e7kgaui.mongodb.net\u001b[23m\u001b[22m\u001b[39m","timestamp":"2025-05-14T17:28:18.846Z"}
{"level":"\u001b[32minfo\u001b[39m","message":"\u001b[32m\u001b[1m\u001b[3mSuccessfully connected to MongoDB! Database: Lawyer\u001b[23m\u001b[22m\u001b[39m","timestamp":"2025-05-14T17:28:19.167Z"}
{"level":"\u001b[32minfo\u001b[39m","message":"\u001b[32m\u001b[1m\u001b[3mServer started on port 5000\u001b[23m\u001b[22m\u001b[39m","timestamp":"2025-05-14T17:28:19.170Z"}
{"level":"\u001b[32minfo\u001b[39m","message":"\u001b[34m\u001b[1m\u001b[3mAttempting to connect to MongoDB at cluster0.e7kgaui.mongodb.net\u001b[23m\u001b[22m\u001b[39m","timestamp":"2025-05-14T17:28:23.563Z"}
{"level":"\u001b[32minfo\u001b[39m","message":"\u001b[34m\u001b[1m\u001b[3mAttempting to connect to MongoDB at cluster0.e7kgaui.mongodb.net\u001b[23m\u001b[22m\u001b[39m","timestamp":"2025-05-14T17:28:25.042Z"}
{"level":"\u001b[32minfo\u001b[39m","message":"\u001b[32m\u001b[1m\u001b[3mSuccessfully connected to MongoDB! Database: Lawyer\u001b[23m\u001b[22m\u001b[39m","timestamp":"2025-05-14T17:28:25.362Z"}
{"level":"\u001b[32minfo\u001b[39m","message":"\u001b[32m\u001b[1m\u001b[3mServer started on port 5000\u001b[23m\u001b[22m\u001b[39m","timestamp":"2025-05-14T17:28:25.365Z"}
{"level":"\u001b[32minfo\u001b[39m","message":"\u001b[34m\u001b[1m\u001b[3mAttempting to connect to MongoDB at cluster0.e7kgaui.mongodb.net\u001b[23m\u001b[22m\u001b[39m","timestamp":"2025-05-14T17:28:29.749Z"}
{"level":"\u001b[32minfo\u001b[39m","message":"\u001b[32m\u001b[1m\u001b[3mSuccessfully connected to MongoDB! Database: Lawyer\u001b[23m\u001b[22m\u001b[39m","timestamp":"2025-05-14T17:28:30.083Z"}
{"level":"\u001b[32minfo\u001b[39m","message":"\u001b[32m\u001b[1m\u001b[3mServer started on port 5000\u001b[23m\u001b[22m\u001b[39m","timestamp":"2025-05-14T17:28:30.087Z"}
{"level":"\u001b[32minfo\u001b[39m","message":"\u001b[34m\u001b[1m\u001b[3mAttempting to connect to MongoDB at cluster0.e7kgaui.mongodb.net\u001b[23m\u001b[22m\u001b[39m","timestamp":"2025-05-14T17:28:31.404Z"}
{"level":"\u001b[32minfo\u001b[39m","message":"\u001b[32m\u001b[1m\u001b[3mSuccessfully connected to MongoDB! Database: Lawyer\u001b[23m\u001b[22m\u001b[39m","timestamp":"2025-05-14T17:28:31.727Z"}
{"level":"\u001b[32minfo\u001b[39m","message":"\u001b[32m\u001b[1m\u001b[3mServer started on port 5000\u001b[23m\u001b[22m\u001b[39m","timestamp":"2025-05-14T17:28:31.732Z"}
{"level":"\u001b[32minfo\u001b[39m","message":"\u001b[34m\u001b[1m\u001b[3mAttempting to connect to MongoDB at cluster0.e7kgaui.mongodb.net\u001b[23m\u001b[22m\u001b[39m","timestamp":"2025-05-14T17:28:54.965Z"}
{"level":"\u001b[32minfo\u001b[39m","message":"\u001b[34m\u001b[1m\u001b[3mAttempting to connect to MongoDB at cluster0.e7kgaui.mongodb.net\u001b[23m\u001b[22m\u001b[39m","timestamp":"2025-05-14T17:28:55.865Z"}
{"level":"\u001b[32minfo\u001b[39m","message":"\u001b[32m\u001b[1m\u001b[3mSuccessfully connected to MongoDB! Database: Lawyer\u001b[23m\u001b[22m\u001b[39m","timestamp":"2025-05-14T17:28:56.209Z"}
{"level":"\u001b[32minfo\u001b[39m","message":"\u001b[32m\u001b[1m\u001b[3mServer started on port 5000\u001b[23m\u001b[22m\u001b[39m","timestamp":"2025-05-14T17:28:56.214Z"}
{"level":"\u001b[32minfo\u001b[39m","message":"\u001b[34m\u001b[1m\u001b[3mAttempting to connect to MongoDB at cluster0.e7kgaui.mongodb.net\u001b[23m\u001b[22m\u001b[39m","timestamp":"2025-05-14T17:28:57.405Z"}
{"level":"\u001b[32minfo\u001b[39m","message":"\u001b[32m\u001b[1m\u001b[3mSuccessfully connected to MongoDB! Database: Lawyer\u001b[23m\u001b[22m\u001b[39m","timestamp":"2025-05-14T17:28:57.732Z"}
{"level":"\u001b[32minfo\u001b[39m","message":"\u001b[32m\u001b[1m\u001b[3mServer started on port 5000\u001b[23m\u001b[22m\u001b[39m","timestamp":"2025-05-14T17:28:57.735Z"}
{"level":"\u001b[32minfo\u001b[39m","message":"\u001b[34m\u001b[1m\u001b[3mAttempting to connect to MongoDB at cluster0.e7kgaui.mongodb.net\u001b[23m\u001b[22m\u001b[39m","timestamp":"2025-05-14T17:28:59.223Z"}
{"level":"\u001b[32minfo\u001b[39m","message":"\u001b[32m\u001b[1m\u001b[3mSuccessfully connected to MongoDB! Database: Lawyer\u001b[23m\u001b[22m\u001b[39m","timestamp":"2025-05-14T17:28:59.576Z"}
{"level":"\u001b[32minfo\u001b[39m","message":"\u001b[32m\u001b[1m\u001b[3mServer started on port 5000\u001b[23m\u001b[22m\u001b[39m","timestamp":"2025-05-14T17:28:59.580Z"}
{"level":"\u001b[32minfo\u001b[39m","message":"\u001b[34m\u001b[1m\u001b[3mAttempting to connect to MongoDB at cluster0.e7kgaui.mongodb.net\u001b[23m\u001b[22m\u001b[39m","timestamp":"2025-05-14T17:29:00.637Z"}
{"level":"\u001b[32minfo\u001b[39m","message":"\u001b[32m\u001b[1m\u001b[3mSuccessfully connected to MongoDB! Database: Lawyer\u001b[23m\u001b[22m\u001b[39m","timestamp":"2025-05-14T17:29:01.014Z"}
{"level":"\u001b[32minfo\u001b[39m","message":"\u001b[32m\u001b[1m\u001b[3mServer started on port 5000\u001b[23m\u001b[22m\u001b[39m","timestamp":"2025-05-14T17:29:01.019Z"}
{"level":"\u001b[32minfo\u001b[39m","message":"\u001b[34m\u001b[1m\u001b[3mAttempting to connect to MongoDB at cluster0.e7kgaui.mongodb.net\u001b[23m\u001b[22m\u001b[39m","timestamp":"2025-05-14T17:29:30.181Z"}
{"level":"\u001b[32minfo\u001b[39m","message":"\u001b[32m\u001b[1m\u001b[3mSuccessfully connected to MongoDB! Database: Lawyer\u001b[23m\u001b[22m\u001b[39m","timestamp":"2025-05-14T17:29:30.534Z"}
{"level":"\u001b[32minfo\u001b[39m","message":"\u001b[32m\u001b[1m\u001b[3mServer started on port 5000\u001b[23m\u001b[22m\u001b[39m","timestamp":"2025-05-14T17:29:30.537Z"}
{"level":"\u001b[32minfo\u001b[39m","message":"\u001b[34m\u001b[1m\u001b[3mAttempting to connect to MongoDB at cluster0.e7kgaui.mongodb.net\u001b[23m\u001b[22m\u001b[39m","timestamp":"2025-05-14T17:29:31.460Z"}
{"level":"\u001b[32minfo\u001b[39m","message":"\u001b[34m\u001b[1m\u001b[3mAttempting to connect to MongoDB at cluster0.e7kgaui.mongodb.net\u001b[23m\u001b[22m\u001b[39m","timestamp":"2025-05-14T17:29:32.349Z"}
{"level":"\u001b[32minfo\u001b[39m","message":"\u001b[34m\u001b[1m\u001b[3mAttempting to connect to MongoDB at cluster0.e7kgaui.mongodb.net\u001b[23m\u001b[22m\u001b[39m","timestamp":"2025-05-14T17:29:33.245Z"}
{"level":"\u001b[32minfo\u001b[39m","message":"\u001b[32m\u001b[1m\u001b[3mSuccessfully connected to MongoDB! Database: Lawyer\u001b[23m\u001b[22m\u001b[39m","timestamp":"2025-05-14T17:29:33.571Z"}
{"level":"\u001b[32minfo\u001b[39m","message":"\u001b[32m\u001b[1m\u001b[3mServer started on port 5000\u001b[23m\u001b[22m\u001b[39m","timestamp":"2025-05-14T17:29:33.576Z"}
{"level":"\u001b[32minfo\u001b[39m","message":"\u001b[34m\u001b[1m\u001b[3mAttempting to connect to MongoDB at cluster0.e7kgaui.mongodb.net\u001b[23m\u001b[22m\u001b[39m","timestamp":"2025-05-14T17:29:35.552Z"}
{"level":"\u001b[32minfo\u001b[39m","message":"\u001b[32m\u001b[1m\u001b[3mSuccessfully connected to MongoDB! Database: Lawyer\u001b[23m\u001b[22m\u001b[39m","timestamp":"2025-05-14T17:29:35.890Z"}
{"level":"\u001b[32minfo\u001b[39m","message":"\u001b[32m\u001b[1m\u001b[3mServer started on port 5000\u001b[23m\u001b[22m\u001b[39m","timestamp":"2025-05-14T17:29:35.894Z"}
{"level":"\u001b[32minfo\u001b[39m","message":"\u001b[34m\u001b[1m\u001b[3mAttempting to connect to MongoDB at cluster0.e7kgaui.mongodb.net\u001b[23m\u001b[22m\u001b[39m","timestamp":"2025-05-14T17:29:37.634Z"}
{"level":"\u001b[32minfo\u001b[39m","message":"\u001b[32m\u001b[1m\u001b[3mSuccessfully connected to MongoDB! Database: Lawyer\u001b[23m\u001b[22m\u001b[39m","timestamp":"2025-05-14T17:29:37.965Z"}
{"level":"\u001b[32minfo\u001b[39m","message":"\u001b[32m\u001b[1m\u001b[3mServer started on port 5000\u001b[23m\u001b[22m\u001b[39m","timestamp":"2025-05-14T17:29:37.968Z"}
{"level":"\u001b[32minfo\u001b[39m","message":"\u001b[34m\u001b[1m\u001b[3mAttempting to connect to MongoDB at cluster0.e7kgaui.mongodb.net\u001b[23m\u001b[22m\u001b[39m","timestamp":"2025-05-14T17:29:39.094Z"}
{"level":"\u001b[32minfo\u001b[39m","message":"\u001b[32m\u001b[1m\u001b[3mSuccessfully connected to MongoDB! Database: Lawyer\u001b[23m\u001b[22m\u001b[39m","timestamp":"2025-05-14T17:29:39.424Z"}
{"level":"\u001b[32minfo\u001b[39m","message":"\u001b[32m\u001b[1m\u001b[3mServer started on port 5000\u001b[23m\u001b[22m\u001b[39m","timestamp":"2025-05-14T17:29:39.429Z"}
{"level":"\u001b[32minfo\u001b[39m","message":"\u001b[34m\u001b[1m\u001b[3mAttempting to connect to MongoDB at cluster0.e7kgaui.mongodb.net\u001b[23m\u001b[22m\u001b[39m","timestamp":"2025-05-14T17:29:40.615Z"}
{"level":"\u001b[32minfo\u001b[39m","message":"\u001b[32m\u001b[1m\u001b[3mSuccessfully connected to MongoDB! Database: Lawyer\u001b[23m\u001b[22m\u001b[39m","timestamp":"2025-05-14T17:29:40.945Z"}
{"level":"\u001b[32minfo\u001b[39m","message":"\u001b[32m\u001b[1m\u001b[3mServer started on port 5000\u001b[23m\u001b[22m\u001b[39m","timestamp":"2025-05-14T17:29:40.950Z"}
{"level":"\u001b[32minfo\u001b[39m","message":"\u001b[34m\u001b[1m\u001b[3mAttempting to connect to MongoDB at cluster0.e7kgaui.mongodb.net\u001b[23m\u001b[22m\u001b[39m","timestamp":"2025-05-14T17:30:07.838Z"}
{"level":"\u001b[32minfo\u001b[39m","message":"\u001b[32m\u001b[1m\u001b[3mSuccessfully connected to MongoDB! Database: Lawyer\u001b[23m\u001b[22m\u001b[39m","timestamp":"2025-05-14T17:30:08.149Z"}
{"level":"\u001b[32minfo\u001b[39m","message":"\u001b[32m\u001b[1m\u001b[3mServer started on port 5000\u001b[23m\u001b[22m\u001b[39m","timestamp":"2025-05-14T17:30:08.154Z"}
{"level":"\u001b[32minfo\u001b[39m","message":"\u001b[34m\u001b[1m\u001b[3mAttempting to connect to MongoDB at cluster0.e7kgaui.mongodb.net\u001b[23m\u001b[22m\u001b[39m","timestamp":"2025-05-14T17:30:29.939Z"}
{"level":"\u001b[32minfo\u001b[39m","message":"\u001b[32m\u001b[1m\u001b[3mSuccessfully connected to MongoDB! Database: Lawyer\u001b[23m\u001b[22m\u001b[39m","timestamp":"2025-05-14T17:30:30.358Z"}
{"level":"\u001b[32minfo\u001b[39m","message":"\u001b[32m\u001b[1m\u001b[3mServer started on port 5000\u001b[23m\u001b[22m\u001b[39m","timestamp":"2025-05-14T17:30:30.363Z"}
{"level":"\u001b[32minfo\u001b[39m","message":"\u001b[34m\u001b[1m\u001b[3mAttempting to connect to MongoDB at cluster0.e7kgaui.mongodb.net\u001b[23m\u001b[22m\u001b[39m","timestamp":"2025-05-14T17:30:33.920Z"}
{"level":"\u001b[32minfo\u001b[39m","message":"\u001b[32m\u001b[1m\u001b[3mSuccessfully connected to MongoDB! Database: Lawyer\u001b[23m\u001b[22m\u001b[39m","timestamp":"2025-05-14T17:30:34.253Z"}
{"level":"\u001b[32minfo\u001b[39m","message":"\u001b[32m\u001b[1m\u001b[3mServer started on port 5000\u001b[23m\u001b[22m\u001b[39m","timestamp":"2025-05-14T17:30:34.258Z"}
{"level":"\u001b[32minfo\u001b[39m","message":"\u001b[34m\u001b[1m\u001b[3mAttempting to connect to MongoDB at cluster0.e7kgaui.mongodb.net\u001b[23m\u001b[22m\u001b[39m","timestamp":"2025-05-14T17:30:35.870Z"}
{"level":"\u001b[32minfo\u001b[39m","message":"\u001b[32m\u001b[1m\u001b[3mSuccessfully connected to MongoDB! Database: Lawyer\u001b[23m\u001b[22m\u001b[39m","timestamp":"2025-05-14T17:30:36.221Z"}
{"level":"\u001b[32minfo\u001b[39m","message":"\u001b[32m\u001b[1m\u001b[3mServer started on port 5000\u001b[23m\u001b[22m\u001b[39m","timestamp":"2025-05-14T17:30:36.225Z"}
{"level":"\u001b[32minfo\u001b[39m","message":"\u001b[34m\u001b[1m\u001b[3mAttempting to connect to MongoDB at cluster0.e7kgaui.mongodb.net\u001b[23m\u001b[22m\u001b[39m","timestamp":"2025-05-14T17:30:38.991Z"}
{"level":"\u001b[32minfo\u001b[39m","message":"\u001b[32m\u001b[1m\u001b[3mSuccessfully connected to MongoDB! Database: Lawyer\u001b[23m\u001b[22m\u001b[39m","timestamp":"2025-05-14T17:30:39.339Z"}
{"level":"\u001b[32minfo\u001b[39m","message":"\u001b[32m\u001b[1m\u001b[3mServer started on port 5000\u001b[23m\u001b[22m\u001b[39m","timestamp":"2025-05-14T17:30:39.343Z"}
{"level":"\u001b[32minfo\u001b[39m","message":"\u001b[34m\u001b[1m\u001b[3mAttempting to connect to MongoDB at cluster0.e7kgaui.mongodb.net\u001b[23m\u001b[22m\u001b[39m","timestamp":"2025-05-14T17:30:52.072Z"}
{"level":"\u001b[32minfo\u001b[39m","message":"\u001b[32m\u001b[1m\u001b[3mSuccessfully connected to MongoDB! Database: Lawyer\u001b[23m\u001b[22m\u001b[39m","timestamp":"2025-05-14T17:30:52.450Z"}
{"level":"\u001b[32minfo\u001b[39m","message":"\u001b[32m\u001b[1m\u001b[3mServer started on port 5000\u001b[23m\u001b[22m\u001b[39m","timestamp":"2025-05-14T17:30:52.456Z"}
{"level":"\u001b[32minfo\u001b[39m","message":"\u001b[34m\u001b[1m\u001b[3mAttempting to connect to MongoDB at cluster0.e7kgaui.mongodb.net\u001b[23m\u001b[22m\u001b[39m","timestamp":"2025-05-14T17:30:57.331Z"}
{"level":"\u001b[32minfo\u001b[39m","message":"\u001b[32m\u001b[1m\u001b[3mSuccessfully connected to MongoDB! Database: Lawyer\u001b[23m\u001b[22m\u001b[39m","timestamp":"2025-05-14T17:30:57.651Z"}
{"level":"\u001b[32minfo\u001b[39m","message":"\u001b[32m\u001b[1m\u001b[3mServer started on port 5000\u001b[23m\u001b[22m\u001b[39m","timestamp":"2025-05-14T17:30:57.654Z"}
{"level":"\u001b[32minfo\u001b[39m","message":"\u001b[34m\u001b[1m\u001b[3mAttempting to connect to MongoDB at cluster0.e7kgaui.mongodb.net\u001b[23m\u001b[22m\u001b[39m","timestamp":"2025-05-14T17:31:02.734Z"}
{"level":"\u001b[32minfo\u001b[39m","message":"\u001b[32m\u001b[1m\u001b[3mSuccessfully connected to MongoDB! Database: Lawyer\u001b[23m\u001b[22m\u001b[39m","timestamp":"2025-05-14T17:31:03.091Z"}
{"level":"\u001b[32minfo\u001b[39m","message":"\u001b[32m\u001b[1m\u001b[3mServer started on port 5000\u001b[23m\u001b[22m\u001b[39m","timestamp":"2025-05-14T17:31:03.094Z"}
{"level":"\u001b[32minfo\u001b[39m","message":"\u001b[34m\u001b[1m\u001b[3mAttempting to connect to MongoDB at cluster0.e7kgaui.mongodb.net\u001b[23m\u001b[22m\u001b[39m","timestamp":"2025-05-14T17:31:05.132Z"}
{"level":"\u001b[32minfo\u001b[39m","message":"\u001b[32m\u001b[1m\u001b[3mSuccessfully connected to MongoDB! Database: Lawyer\u001b[23m\u001b[22m\u001b[39m","timestamp":"2025-05-14T17:31:05.711Z"}
{"level":"\u001b[32minfo\u001b[39m","message":"\u001b[32m\u001b[1m\u001b[3mServer started on port 5000\u001b[23m\u001b[22m\u001b[39m","timestamp":"2025-05-14T17:31:05.714Z"}
{"level":"\u001b[32minfo\u001b[39m","message":"\u001b[34m\u001b[1m\u001b[3mAttempting to connect to MongoDB at cluster0.e7kgaui.mongodb.net\u001b[23m\u001b[22m\u001b[39m","timestamp":"2025-05-14T17:31:19.720Z"}
{"level":"\u001b[32minfo\u001b[39m","message":"\u001b[32m\u001b[1m\u001b[3mSuccessfully connected to MongoDB! Database: Lawyer\u001b[23m\u001b[22m\u001b[39m","timestamp":"2025-05-14T17:31:20.378Z"}
{"level":"\u001b[32minfo\u001b[39m","message":"\u001b[32m\u001b[1m\u001b[3mServer started on port 5000\u001b[23m\u001b[22m\u001b[39m","timestamp":"2025-05-14T17:31:20.380Z"}
{"level":"\u001b[32minfo\u001b[39m","message":"\u001b[34m\u001b[1m\u001b[3mAttempting to connect to MongoDB at cluster0.e7kgaui.mongodb.net\u001b[23m\u001b[22m\u001b[39m","timestamp":"2025-05-14T17:31:22.782Z"}
{"level":"\u001b[32minfo\u001b[39m","message":"\u001b[32m\u001b[1m\u001b[3mSuccessfully connected to MongoDB! Database: Lawyer\u001b[23m\u001b[22m\u001b[39m","timestamp":"2025-05-14T17:31:23.121Z"}
{"level":"\u001b[32minfo\u001b[39m","message":"\u001b[32m\u001b[1m\u001b[3mServer started on port 5000\u001b[23m\u001b[22m\u001b[39m","timestamp":"2025-05-14T17:31:23.127Z"}
{"level":"\u001b[32minfo\u001b[39m","message":"\u001b[34m\u001b[1m\u001b[3mAttempting to connect to MongoDB at cluster0.e7kgaui.mongodb.net\u001b[23m\u001b[22m\u001b[39m","timestamp":"2025-05-14T17:32:28.755Z"}
{"level":"\u001b[32minfo\u001b[39m","message":"\u001b[32m\u001b[1m\u001b[3mSuccessfully connected to MongoDB! Database: Lawyer\u001b[23m\u001b[22m\u001b[39m","timestamp":"2025-05-14T17:32:29.683Z"}
{"level":"\u001b[32minfo\u001b[39m","message":"\u001b[32m\u001b[1m\u001b[3mServer started on port 5000\u001b[23m\u001b[22m\u001b[39m","timestamp":"2025-05-14T17:32:29.687Z"}
{"level":"\u001b[32minfo\u001b[39m","message":"\u001b[34m\u001b[1m\u001b[3mAttempting to connect to MongoDB at cluster0.e7kgaui.mongodb.net\u001b[23m\u001b[22m\u001b[39m","timestamp":"2025-05-14T17:32:31.271Z"}
{"level":"\u001b[32minfo\u001b[39m","message":"\u001b[32m\u001b[1m\u001b[3mSuccessfully connected to MongoDB! Database: Lawyer\u001b[23m\u001b[22m\u001b[39m","timestamp":"2025-05-14T17:32:31.888Z"}
{"level":"\u001b[32minfo\u001b[39m","message":"\u001b[32m\u001b[1m\u001b[3mServer started on port 5000\u001b[23m\u001b[22m\u001b[39m","timestamp":"2025-05-14T17:32:31.891Z"}
{"level":"\u001b[32minfo\u001b[39m","message":"\u001b[34m\u001b[1m\u001b[3mAttempting to connect to MongoDB at cluster0.e7kgaui.mongodb.net\u001b[23m\u001b[22m\u001b[39m","timestamp":"2025-05-14T17:32:54.640Z"}
{"level":"\u001b[32minfo\u001b[39m","message":"\u001b[32m\u001b[1m\u001b[3mSuccessfully connected to MongoDB! Database: Lawyer\u001b[23m\u001b[22m\u001b[39m","timestamp":"2025-05-14T17:32:54.996Z"}
{"level":"\u001b[32minfo\u001b[39m","message":"\u001b[32m\u001b[1m\u001b[3mServer started on port 5000\u001b[23m\u001b[22m\u001b[39m","timestamp":"2025-05-14T17:32:55.000Z"}
{"level":"\u001b[32minfo\u001b[39m","message":"\u001b[34m\u001b[1m\u001b[3mAttempting to connect to MongoDB at cluster0.e7kgaui.mongodb.net\u001b[23m\u001b[22m\u001b[39m","timestamp":"2025-05-14T17:34:05.594Z"}
{"level":"\u001b[32minfo\u001b[39m","message":"\u001b[32m\u001b[1m\u001b[3mSuccessfully connected to MongoDB! Database: Lawyer\u001b[23m\u001b[22m\u001b[39m","timestamp":"2025-05-14T17:34:06.287Z"}
{"level":"\u001b[32minfo\u001b[39m","message":"\u001b[32m\u001b[1m\u001b[3mServer started on port 5000\u001b[23m\u001b[22m\u001b[39m","timestamp":"2025-05-14T17:34:06.290Z"}
{"level":"\u001b[32minfo\u001b[39m","message":"\u001b[34m\u001b[1m\u001b[3mAttempting to connect to MongoDB at cluster0.e7kgaui.mongodb.net\u001b[23m\u001b[22m\u001b[39m","timestamp":"2025-05-14T17:34:08.413Z"}
{"level":"\u001b[32minfo\u001b[39m","message":"\u001b[32m\u001b[1m\u001b[3mSuccessfully connected to MongoDB! Database: Lawyer\u001b[23m\u001b[22m\u001b[39m","timestamp":"2025-05-14T17:34:08.785Z"}
{"level":"\u001b[32minfo\u001b[39m","message":"\u001b[32m\u001b[1m\u001b[3mServer started on port 5000\u001b[23m\u001b[22m\u001b[39m","timestamp":"2025-05-14T17:34:08.791Z"}
{"level":"\u001b[32minfo\u001b[39m","message":"\u001b[34m\u001b[1m\u001b[3mAttempting to connect to MongoDB at cluster0.e7kgaui.mongodb.net\u001b[23m\u001b[22m\u001b[39m","timestamp":"2025-05-14T17:34:12.062Z"}
{"level":"\u001b[32minfo\u001b[39m","message":"\u001b[34m\u001b[1m\u001b[3mAttempting to connect to MongoDB at cluster0.e7kgaui.mongodb.net\u001b[23m\u001b[22m\u001b[39m","timestamp":"2025-05-14T17:34:14.467Z"}
{"level":"\u001b[32minfo\u001b[39m","message":"\u001b[32m\u001b[1m\u001b[3mSuccessfully connected to MongoDB! Database: Lawyer\u001b[23m\u001b[22m\u001b[39m","timestamp":"2025-05-14T17:34:14.839Z"}
{"level":"\u001b[32minfo\u001b[39m","message":"\u001b[32m\u001b[1m\u001b[3mServer started on port 5000\u001b[23m\u001b[22m\u001b[39m","timestamp":"2025-05-14T17:34:14.844Z"}
{"level":"\u001b[32minfo\u001b[39m","message":"\u001b[34m\u001b[1m\u001b[3mAttempting to connect to MongoDB at cluster0.e7kgaui.mongodb.net\u001b[23m\u001b[22m\u001b[39m","timestamp":"2025-05-14T17:34:41.870Z"}
{"level":"\u001b[32minfo\u001b[39m","message":"\u001b[32m\u001b[1m\u001b[3mSuccessfully connected to MongoDB! Database: Lawyer\u001b[23m\u001b[22m\u001b[39m","timestamp":"2025-05-14T17:34:42.210Z"}
{"level":"\u001b[32minfo\u001b[39m","message":"\u001b[32m\u001b[1m\u001b[3mServer started on port 5000\u001b[23m\u001b[22m\u001b[39m","timestamp":"2025-05-14T17:34:42.213Z"}
{"level":"\u001b[32minfo\u001b[39m","message":"\u001b[34m\u001b[1m\u001b[3mAttempting to connect to MongoDB at cluster0.e7kgaui.mongodb.net\u001b[23m\u001b[22m\u001b[39m","timestamp":"2025-05-14T17:34:47.675Z"}
{"level":"\u001b[32minfo\u001b[39m","message":"\u001b[32m\u001b[1m\u001b[3mSuccessfully connected to MongoDB! Database: Lawyer\u001b[23m\u001b[22m\u001b[39m","timestamp":"2025-05-14T17:34:48.025Z"}
{"level":"\u001b[32minfo\u001b[39m","message":"\u001b[32m\u001b[1m\u001b[3mServer started on port 5000\u001b[23m\u001b[22m\u001b[39m","timestamp":"2025-05-14T17:34:48.028Z"}
{"level":"\u001b[32minfo\u001b[39m","message":"\u001b[34m\u001b[1m\u001b[3mAttempting to connect to MongoDB at cluster0.e7kgaui.mongodb.net\u001b[23m\u001b[22m\u001b[39m","timestamp":"2025-05-14T17:35:10.717Z"}
{"level":"\u001b[32minfo\u001b[39m","message":"\u001b[32m\u001b[1m\u001b[3mSuccessfully connected to MongoDB! Database: Lawyer\u001b[23m\u001b[22m\u001b[39m","timestamp":"2025-05-14T17:35:11.387Z"}
{"level":"\u001b[32minfo\u001b[39m","message":"\u001b[32m\u001b[1m\u001b[3mServer started on port 5000\u001b[23m\u001b[22m\u001b[39m","timestamp":"2025-05-14T17:35:11.392Z"}
{"level":"\u001b[32minfo\u001b[39m","message":"\u001b[34m\u001b[1m\u001b[3mAttempting to connect to MongoDB at cluster0.e7kgaui.mongodb.net\u001b[23m\u001b[22m\u001b[39m","timestamp":"2025-05-14T17:35:15.259Z"}
{"level":"\u001b[32minfo\u001b[39m","message":"\u001b[32m\u001b[1m\u001b[3mSuccessfully connected to MongoDB! Database: Lawyer\u001b[23m\u001b[22m\u001b[39m","timestamp":"2025-05-14T17:35:15.588Z"}
{"level":"\u001b[32minfo\u001b[39m","message":"\u001b[32m\u001b[1m\u001b[3mServer started on port 5000\u001b[23m\u001b[22m\u001b[39m","timestamp":"2025-05-14T17:35:15.593Z"}
{"level":"\u001b[32minfo\u001b[39m","message":"\u001b[34m\u001b[1m\u001b[3mAttempting to connect to MongoDB at cluster0.e7kgaui.mongodb.net\u001b[23m\u001b[22m\u001b[39m","timestamp":"2025-05-14T17:41:22.961Z"}
{"level":"\u001b[32minfo\u001b[39m","message":"\u001b[32m\u001b[1m\u001b[3mSuccessfully connected to MongoDB! Database: Lawyer\u001b[23m\u001b[22m\u001b[39m","timestamp":"2025-05-14T17:41:23.527Z"}
{"level":"\u001b[32minfo\u001b[39m","message":"\u001b[32m\u001b[1m\u001b[3mServer started on port 5000\u001b[23m\u001b[22m\u001b[39m","timestamp":"2025-05-14T17:41:23.537Z"}
{"level":"\u001b[32minfo\u001b[39m","message":"\u001b[34m\u001b[1m\u001b[3mAttempting to connect to MongoDB at cluster0.e7kgaui.mongodb.net\u001b[23m\u001b[22m\u001b[39m","timestamp":"2025-05-14T17:41:28.507Z"}
{"level":"\u001b[32minfo\u001b[39m","message":"\u001b[32m\u001b[1m\u001b[3mSuccessfully connected to MongoDB! Database: Lawyer\u001b[23m\u001b[22m\u001b[39m","timestamp":"2025-05-14T17:41:28.852Z"}
{"level":"\u001b[32minfo\u001b[39m","message":"\u001b[32m\u001b[1m\u001b[3mServer started on port 5000\u001b[23m\u001b[22m\u001b[39m","timestamp":"2025-05-14T17:41:28.857Z"}
{"level":"\u001b[32minfo\u001b[39m","message":"\u001b[34m\u001b[1m\u001b[3mAttempting to connect to MongoDB at cluster0.e7kgaui.mongodb.net\u001b[23m\u001b[22m\u001b[39m","timestamp":"2025-05-14T17:41:31.868Z"}
{"level":"\u001b[32minfo\u001b[39m","message":"\u001b[34m\u001b[1m\u001b[3mAttempting to connect to MongoDB at cluster0.e7kgaui.mongodb.net\u001b[23m\u001b[22m\u001b[39m","timestamp":"2025-05-14T17:41:33.163Z"}
{"level":"\u001b[32minfo\u001b[39m","message":"\u001b[32m\u001b[1m\u001b[3mSuccessfully connected to MongoDB! Database: Lawyer\u001b[23m\u001b[22m\u001b[39m","timestamp":"2025-05-14T17:41:33.480Z"}
{"level":"\u001b[32minfo\u001b[39m","message":"\u001b[32m\u001b[1m\u001b[3mServer started on port 5000\u001b[23m\u001b[22m\u001b[39m","timestamp":"2025-05-14T17:41:33.483Z"}
{"level":"\u001b[32minfo\u001b[39m","message":"\u001b[34m\u001b[1m\u001b[3mAttempting to connect to MongoDB at cluster0.e7kgaui.mongodb.net\u001b[23m\u001b[22m\u001b[39m","timestamp":"2025-05-14T17:41:44.105Z"}
{"level":"\u001b[32minfo\u001b[39m","message":"\u001b[32m\u001b[1m\u001b[3mSuccessfully connected to MongoDB! Database: Lawyer\u001b[23m\u001b[22m\u001b[39m","timestamp":"2025-05-14T17:41:44.430Z"}
{"level":"\u001b[32minfo\u001b[39m","message":"\u001b[32m\u001b[1m\u001b[3mServer started on port 5000\u001b[23m\u001b[22m\u001b[39m","timestamp":"2025-05-14T17:41:44.436Z"}
{"level":"\u001b[32minfo\u001b[39m","message":"\u001b[34m\u001b[1m\u001b[3mAttempting to connect to MongoDB at cluster0.e7kgaui.mongodb.net\u001b[23m\u001b[22m\u001b[39m","timestamp":"2025-05-14T17:41:45.302Z"}
{"level":"\u001b[32minfo\u001b[39m","message":"\u001b[32m\u001b[1m\u001b[3mSuccessfully connected to MongoDB! Database: Lawyer\u001b[23m\u001b[22m\u001b[39m","timestamp":"2025-05-14T17:41:45.633Z"}
{"level":"\u001b[32minfo\u001b[39m","message":"\u001b[32m\u001b[1m\u001b[3mServer started on port 5000\u001b[23m\u001b[22m\u001b[39m","timestamp":"2025-05-14T17:41:45.638Z"}
{"level":"\u001b[32minfo\u001b[39m","message":"\u001b[34m\u001b[1m\u001b[3mAttempting to connect to MongoDB at cluster0.e7kgaui.mongodb.net\u001b[23m\u001b[22m\u001b[39m","timestamp":"2025-05-14T17:41:46.977Z"}
{"level":"\u001b[32minfo\u001b[39m","message":"\u001b[32m\u001b[1m\u001b[3mSuccessfully connected to MongoDB! Database: Lawyer\u001b[23m\u001b[22m\u001b[39m","timestamp":"2025-05-14T17:41:47.298Z"}
{"level":"\u001b[32minfo\u001b[39m","message":"\u001b[32m\u001b[1m\u001b[3mServer started on port 5000\u001b[23m\u001b[22m\u001b[39m","timestamp":"2025-05-14T17:41:47.301Z"}
{"level":"\u001b[32minfo\u001b[39m","message":"\u001b[34m\u001b[1m\u001b[3mAttempting to connect to MongoDB at cluster0.e7kgaui.mongodb.net\u001b[23m\u001b[22m\u001b[39m","timestamp":"2025-05-14T17:41:48.795Z"}
{"level":"\u001b[32minfo\u001b[39m","message":"\u001b[32m\u001b[1m\u001b[3mSuccessfully connected to MongoDB! Database: Lawyer\u001b[23m\u001b[22m\u001b[39m","timestamp":"2025-05-14T17:41:49.110Z"}
{"level":"\u001b[32minfo\u001b[39m","message":"\u001b[32m\u001b[1m\u001b[3mServer started on port 5000\u001b[23m\u001b[22m\u001b[39m","timestamp":"2025-05-14T17:41:49.114Z"}
{"level":"\u001b[32minfo\u001b[39m","message":"\u001b[34m\u001b[1m\u001b[3mAttempting to connect to MongoDB at cluster0.e7kgaui.mongodb.net\u001b[23m\u001b[22m\u001b[39m","timestamp":"2025-05-14T17:45:20.445Z"}
{"level":"\u001b[32minfo\u001b[39m","message":"\u001b[32m\u001b[1m\u001b[3mSuccessfully connected to MongoDB! Database: Lawyer\u001b[23m\u001b[22m\u001b[39m","timestamp":"2025-05-14T17:45:21.629Z"}
{"level":"\u001b[32minfo\u001b[39m","message":"\u001b[32m\u001b[1m\u001b[3mServer started on port 5000\u001b[23m\u001b[22m\u001b[39m","timestamp":"2025-05-14T17:45:21.635Z"}
{"level":"\u001b[32minfo\u001b[39m","message":"\u001b[34m\u001b[1m\u001b[3mAttempting to connect to MongoDB at cluster0.e7kgaui.mongodb.net\u001b[23m\u001b[22m\u001b[39m","timestamp":"2025-05-14T17:46:37.477Z"}
{"level":"\u001b[32minfo\u001b[39m","message":"\u001b[32m\u001b[1m\u001b[3mSuccessfully connected to MongoDB! Database: Lawyer\u001b[23m\u001b[22m\u001b[39m","timestamp":"2025-05-14T17:46:38.548Z"}
{"level":"\u001b[32minfo\u001b[39m","message":"\u001b[32m\u001b[1m\u001b[3mServer started on port 5000\u001b[23m\u001b[22m\u001b[39m","timestamp":"2025-05-14T17:46:38.564Z"}
{"level":"\u001b[32minfo\u001b[39m","message":"\u001b[34m\u001b[1m\u001b[3mAttempting to connect to MongoDB at cluster0.e7kgaui.mongodb.net\u001b[23m\u001b[22m\u001b[39m","timestamp":"2025-05-14T17:51:42.696Z"}
{"level":"\u001b[32minfo\u001b[39m","message":"\u001b[32m\u001b[1m\u001b[3mSuccessfully connected to MongoDB! Database: Lawyer\u001b[23m\u001b[22m\u001b[39m","timestamp":"2025-05-14T17:51:43.403Z"}
{"level":"\u001b[32minfo\u001b[39m","message":"\u001b[32m\u001b[1m\u001b[3mServer started on port 5000\u001b[23m\u001b[22m\u001b[39m","timestamp":"2025-05-14T17:51:43.407Z"}
{"level":"\u001b[32minfo\u001b[39m","message":"Method: \u001b[31m\u001b[1mPOST\u001b[22m\u001b[39m, URL: \u001b[34m\u001b[1m/api/v1/contact\u001b[22m\u001b[39m, Status: \u001b[33m\u001b[1m404\u001b[22m\u001b[39m, Response Time: \u001b[32m\u001b[1m46.682\u001b[22m\u001b[39m","timestamp":"2025-05-14T18:02:42.797Z"}
{"level":"\u001b[32minfo\u001b[39m","message":"Method: \u001b[31m\u001b[1mPOST\u001b[22m\u001b[39m, URL: \u001b[34m\u001b[1m/api/v1/user/contact\u001b[22m\u001b[39m, Status: \u001b[33m\u001b[1m500\u001b[22m\u001b[39m, Response Time: \u001b[32m\u001b[1m145.102\u001b[22m\u001b[39m","timestamp":"2025-05-14T18:03:41.201Z"}
{"level":"\u001b[32minfo\u001b[39m","message":"\u001b[34m\u001b[1m\u001b[3mAttempting to connect to MongoDB at cluster0.e7kgaui.mongodb.net\u001b[23m\u001b[22m\u001b[39m","timestamp":"2025-05-14T18:04:26.946Z"}
{"level":"\u001b[32minfo\u001b[39m","message":"\u001b[34m\u001b[1m\u001b[3mAttempting to connect to MongoDB at cluster0.e7kgaui.mongodb.net\u001b[23m\u001b[22m\u001b[39m","timestamp":"2025-05-14T18:04:28.459Z"}
{"level":"\u001b[32minfo\u001b[39m","message":"\u001b[32m\u001b[1m\u001b[3mSuccessfully connected to MongoDB! Database: Lawyer\u001b[23m\u001b[22m\u001b[39m","timestamp":"2025-05-14T18:04:29.097Z"}
{"level":"\u001b[32minfo\u001b[39m","message":"\u001b[32m\u001b[1m\u001b[3mServer started on port 5000\u001b[23m\u001b[22m\u001b[39m","timestamp":"2025-05-14T18:04:29.105Z"}
{"level":"\u001b[32minfo\u001b[39m","message":"Method: \u001b[31m\u001b[1mPOST\u001b[22m\u001b[39m, URL: \u001b[34m\u001b[1m/api/v1/user/contact\u001b[22m\u001b[39m, Status: \u001b[33m\u001b[1m500\u001b[22m\u001b[39m, Response Time: \u001b[32m\u001b[1m63.476\u001b[22m\u001b[39m","timestamp":"2025-05-14T18:04:31.873Z"}
{"level":"\u001b[32minfo\u001b[39m","message":"\u001b[34m\u001b[1m\u001b[3mAttempting to connect to MongoDB at cluster0.e7kgaui.mongodb.net\u001b[23m\u001b[22m\u001b[39m","timestamp":"2025-05-14T18:06:18.977Z"}
{"level":"\u001b[32minfo\u001b[39m","message":"\u001b[32m\u001b[1m\u001b[3mSuccessfully connected to MongoDB! Database: Lawyer\u001b[23m\u001b[22m\u001b[39m","timestamp":"2025-05-14T18:06:19.615Z"}
{"level":"\u001b[32minfo\u001b[39m","message":"\u001b[32m\u001b[1m\u001b[3mServer started on port 5000\u001b[23m\u001b[22m\u001b[39m","timestamp":"2025-05-14T18:06:19.621Z"}
{"level":"\u001b[32minfo\u001b[39m","message":"\u001b[34m\u001b[1m\u001b[3mAttempting to connect to MongoDB at cluster0.e7kgaui.mongodb.net\u001b[23m\u001b[22m\u001b[39m","timestamp":"2025-05-14T18:06:20.922Z"}
{"level":"\u001b[32minfo\u001b[39m","message":"\u001b[32m\u001b[1m\u001b[3mSuccessfully connected to MongoDB! Database: Lawyer\u001b[23m\u001b[22m\u001b[39m","timestamp":"2025-05-14T18:06:21.231Z"}
{"level":"\u001b[32minfo\u001b[39m","message":"\u001b[32m\u001b[1m\u001b[3mServer started on port 5000\u001b[23m\u001b[22m\u001b[39m","timestamp":"2025-05-14T18:06:21.234Z"}
{"level":"\u001b[32minfo\u001b[39m","message":"Method: \u001b[31m\u001b[1mPOST\u001b[22m\u001b[39m, URL: \u001b[34m\u001b[1m/api/v1/user/contact\u001b[22m\u001b[39m, Status: \u001b[33m\u001b[1m500\u001b[22m\u001b[39m, Response Time: \u001b[32m\u001b[1m442.510\u001b[22m\u001b[39m","timestamp":"2025-05-14T18:06:28.338Z"}
{"level":"\u001b[32minfo\u001b[39m","message":"\u001b[34m\u001b[1m\u001b[3mAttempting to connect to MongoDB at cluster0.e7kgaui.mongodb.net\u001b[23m\u001b[22m\u001b[39m","timestamp":"2025-05-14T18:08:09.078Z"}
{"level":"\u001b[32minfo\u001b[39m","message":"\u001b[32m\u001b[1m\u001b[3mSuccessfully connected to MongoDB! Database: Lawyer\u001b[23m\u001b[22m\u001b[39m","timestamp":"2025-05-14T18:08:09.779Z"}
{"level":"\u001b[32minfo\u001b[39m","message":"\u001b[32m\u001b[1m\u001b[3mServer started on port 5000\u001b[23m\u001b[22m\u001b[39m","timestamp":"2025-05-14T18:08:09.784Z"}
{"level":"\u001b[32minfo\u001b[39m","message":"\u001b[34m\u001b[1m\u001b[3mAttempting to connect to MongoDB at cluster0.e7kgaui.mongodb.net\u001b[23m\u001b[22m\u001b[39m","timestamp":"2025-05-14T18:08:11.556Z"}
{"level":"\u001b[32minfo\u001b[39m","message":"\u001b[32m\u001b[1m\u001b[3mSuccessfully connected to MongoDB! Database: Lawyer\u001b[23m\u001b[22m\u001b[39m","timestamp":"2025-05-14T18:08:11.873Z"}
{"level":"\u001b[32minfo\u001b[39m","message":"\u001b[32m\u001b[1m\u001b[3mServer started on port 5000\u001b[23m\u001b[22m\u001b[39m","timestamp":"2025-05-14T18:08:11.878Z"}
{"level":"\u001b[32minfo\u001b[39m","message":"Method: \u001b[31m\u001b[1mPOST\u001b[22m\u001b[39m, URL: \u001b[34m\u001b[1m/api/v1/user/contact\u001b[22m\u001b[39m, Status: \u001b[33m\u001b[1m500\u001b[22m\u001b[39m, Response Time: \u001b[32m\u001b[1m110.163\u001b[22m\u001b[39m","timestamp":"2025-05-14T18:08:51.705Z"}
{"level":"\u001b[32minfo\u001b[39m","message":"Method: \u001b[31m\u001b[1mPOST\u001b[22m\u001b[39m, URL: \u001b[34m\u001b[1m/api/v1/user/contact\u001b[22m\u001b[39m, Status: \u001b[33m\u001b[1m500\u001b[22m\u001b[39m, Response Time: \u001b[32m\u001b[1m39.910\u001b[22m\u001b[39m","timestamp":"2025-05-14T18:11:04.230Z"}
{"level":"\u001b[32minfo\u001b[39m","message":"\u001b[34m\u001b[1m\u001b[3mAttempting to connect to MongoDB at cluster0.e7kgaui.mongodb.net\u001b[23m\u001b[22m\u001b[39m","timestamp":"2025-05-14T18:11:34.413Z"}
{"level":"\u001b[32minfo\u001b[39m","message":"\u001b[34m\u001b[1m\u001b[3mAttempting to connect to MongoDB at cluster0.e7kgaui.mongodb.net\u001b[23m\u001b[22m\u001b[39m","timestamp":"2025-05-14T18:11:35.335Z"}
{"level":"\u001b[32minfo\u001b[39m","message":"\u001b[32m\u001b[1m\u001b[3mSuccessfully connected to MongoDB! Database: Lawyer\u001b[23m\u001b[22m\u001b[39m","timestamp":"2025-05-14T18:11:35.819Z"}
{"level":"\u001b[32minfo\u001b[39m","message":"\u001b[32m\u001b[1m\u001b[3mServer started on port 5000\u001b[23m\u001b[22m\u001b[39m","timestamp":"2025-05-14T18:11:35.825Z"}
{"level":"\u001b[32minfo\u001b[39m","message":"\u001b[34m\u001b[1m\u001b[3mAttempting to connect to MongoDB at cluster0.e7kgaui.mongodb.net\u001b[23m\u001b[22m\u001b[39m","timestamp":"2025-05-14T18:11:51.793Z"}
{"level":"\u001b[32minfo\u001b[39m","message":"\u001b[32m\u001b[1m\u001b[3mSuccessfully connected to MongoDB! Database: Lawyer\u001b[23m\u001b[22m\u001b[39m","timestamp":"2025-05-14T18:11:52.163Z"}
{"level":"\u001b[32minfo\u001b[39m","message":"\u001b[32m\u001b[1m\u001b[3mServer started on port 5000\u001b[23m\u001b[22m\u001b[39m","timestamp":"2025-05-14T18:11:52.167Z"}
{"level":"\u001b[32minfo\u001b[39m","message":"\u001b[34m\u001b[1m\u001b[3mAttempting to connect to MongoDB at cluster0.e7kgaui.mongodb.net\u001b[23m\u001b[22m\u001b[39m","timestamp":"2025-05-14T18:11:56.615Z"}
{"level":"\u001b[32minfo\u001b[39m","message":"\u001b[32m\u001b[1m\u001b[3mSuccessfully connected to MongoDB! Database: Lawyer\u001b[23m\u001b[22m\u001b[39m","timestamp":"2025-05-14T18:11:56.952Z"}
{"level":"\u001b[32minfo\u001b[39m","message":"\u001b[32m\u001b[1m\u001b[3mServer started on port 5000\u001b[23m\u001b[22m\u001b[39m","timestamp":"2025-05-14T18:11:56.955Z"}
{"level":"\u001b[32minfo\u001b[39m","message":"Method: \u001b[31m\u001b[1mPOST\u001b[22m\u001b[39m, URL: \u001b[34m\u001b[1m/api/v1/user/contact\u001b[22m\u001b[39m, Status: \u001b[33m\u001b[1m500\u001b[22m\u001b[39m, Response Time: \u001b[32m\u001b[1m62.297\u001b[22m\u001b[39m","timestamp":"2025-05-14T18:12:28.186Z"}
{"level":"\u001b[32minfo\u001b[39m","message":"\u001b[34m\u001b[1m\u001b[3mAttempting to connect to MongoDB at cluster0.e7kgaui.mongodb.net\u001b[23m\u001b[22m\u001b[39m","timestamp":"2025-05-14T18:12:49.301Z"}
{"level":"\u001b[32minfo\u001b[39m","message":"\u001b[32m\u001b[1m\u001b[3mSuccessfully connected to MongoDB! Database: Lawyer\u001b[23m\u001b[22m\u001b[39m","timestamp":"2025-05-14T18:12:50.211Z"}
{"level":"\u001b[32minfo\u001b[39m","message":"\u001b[32m\u001b[1m\u001b[3mServer started on port 5000\u001b[23m\u001b[22m\u001b[39m","timestamp":"2025-05-14T18:12:50.216Z"}
{"level":"\u001b[32minfo\u001b[39m","message":"Method: \u001b[31m\u001b[1mPOST\u001b[22m\u001b[39m, URL: \u001b[34m\u001b[1m/api/v1/user/contact\u001b[22m\u001b[39m, Status: \u001b[33m\u001b[1m500\u001b[22m\u001b[39m, Response Time: \u001b[32m\u001b[1m47.503\u001b[22m\u001b[39m","timestamp":"2025-05-14T18:12:52.760Z"}
{"level":"\u001b[32minfo\u001b[39m","message":"\u001b[34m\u001b[1m\u001b[3mAttempting to connect to MongoDB at cluster0.e7kgaui.mongodb.net\u001b[23m\u001b[22m\u001b[39m","timestamp":"2025-05-14T18:13:19.387Z"}
{"level":"\u001b[32minfo\u001b[39m","message":"\u001b[32m\u001b[1m\u001b[3mSuccessfully connected to MongoDB! Database: Lawyer\u001b[23m\u001b[22m\u001b[39m","timestamp":"2025-05-14T18:13:19.716Z"}
{"level":"\u001b[32minfo\u001b[39m","message":"\u001b[32m\u001b[1m\u001b[3mServer started on port 5000\u001b[23m\u001b[22m\u001b[39m","timestamp":"2025-05-14T18:13:19.720Z"}
{"level":"\u001b[32minfo\u001b[39m","message":"\u001b[34m\u001b[1m\u001b[3mAttempting to connect to MongoDB at cluster0.e7kgaui.mongodb.net\u001b[23m\u001b[22m\u001b[39m","timestamp":"2025-05-14T18:13:21.959Z"}
{"level":"\u001b[32minfo\u001b[39m","message":"\u001b[32m\u001b[1m\u001b[3mSuccessfully connected to MongoDB! Database: Lawyer\u001b[23m\u001b[22m\u001b[39m","timestamp":"2025-05-14T18:13:22.508Z"}
{"level":"\u001b[32minfo\u001b[39m","message":"\u001b[32m\u001b[1m\u001b[3mServer started on port 5000\u001b[23m\u001b[22m\u001b[39m","timestamp":"2025-05-14T18:13:22.516Z"}
{"level":"\u001b[32minfo\u001b[39m","message":"Method: \u001b[31m\u001b[1mPOST\u001b[22m\u001b[39m, URL: \u001b[34m\u001b[1m/api/v1/user/contact\u001b[22m\u001b[39m, Status: \u001b[33m\u001b[1m409\u001b[22m\u001b[39m, Response Time: \u001b[32m\u001b[1m58.192\u001b[22m\u001b[39m","timestamp":"2025-05-14T18:13:37.994Z"}
{"level":"\u001b[32minfo\u001b[39m","message":"Method: \u001b[31m\u001b[1mPOST\u001b[22m\u001b[39m, URL: \u001b[34m\u001b[1m/api/v1/user/contact\u001b[22m\u001b[39m, Status: \u001b[33m\u001b[1m500\u001b[22m\u001b[39m, Response Time: \u001b[32m\u001b[1m32.242\u001b[22m\u001b[39m","timestamp":"2025-05-14T18:14:17.102Z"}
{"level":"\u001b[32minfo\u001b[39m","message":"\u001b[34m\u001b[1m\u001b[3mAttempting to connect to MongoDB at cluster0.e7kgaui.mongodb.net\u001b[23m\u001b[22m\u001b[39m","timestamp":"2025-05-14T18:15:37.638Z"}
{"level":"\u001b[32minfo\u001b[39m","message":"\u001b[32m\u001b[1m\u001b[3mSuccessfully connected to MongoDB! Database: Lawyer\u001b[23m\u001b[22m\u001b[39m","timestamp":"2025-05-14T18:15:38.304Z"}
{"level":"\u001b[32minfo\u001b[39m","message":"\u001b[32m\u001b[1m\u001b[3mServer started on port 5000\u001b[23m\u001b[22m\u001b[39m","timestamp":"2025-05-14T18:15:38.308Z"}
{"level":"\u001b[32minfo\u001b[39m","message":"\u001b[34m\u001b[1m\u001b[3mAttempting to connect to MongoDB at cluster0.e7kgaui.mongodb.net\u001b[23m\u001b[22m\u001b[39m","timestamp":"2025-05-14T18:15:43.305Z"}
{"level":"\u001b[32minfo\u001b[39m","message":"\u001b[32m\u001b[1m\u001b[3mSuccessfully connected to MongoDB! Database: Lawyer\u001b[23m\u001b[22m\u001b[39m","timestamp":"2025-05-14T18:15:43.842Z"}
{"level":"\u001b[32minfo\u001b[39m","message":"\u001b[32m\u001b[1m\u001b[3mServer started on port 5000\u001b[23m\u001b[22m\u001b[39m","timestamp":"2025-05-14T18:15:43.848Z"}
{"level":"\u001b[32minfo\u001b[39m","message":"Method: \u001b[31m\u001b[1mPOST\u001b[22m\u001b[39m, URL: \u001b[34m\u001b[1m/api/v1/user/contact\u001b[22m\u001b[39m, Status: \u001b[33m\u001b[1m201\u001b[22m\u001b[39m, Response Time: \u001b[32m\u001b[1m128.670\u001b[22m\u001b[39m","timestamp":"2025-05-14T18:16:38.945Z"}
{"level":"\u001b[32minfo\u001b[39m","message":"Method: \u001b[31m\u001b[1mPOST\u001b[22m\u001b[39m, URL: \u001b[34m\u001b[1m/api/v1/user/contact\u001b[22m\u001b[39m, Status: \u001b[33m\u001b[1m201\u001b[22m\u001b[39m, Response Time: \u001b[32m\u001b[1m97.633\u001b[22m\u001b[39m","timestamp":"2025-05-14T18:17:52.951Z"}
{"level":"\u001b[32minfo\u001b[39m","message":"\u001b[34m\u001b[1m\u001b[3mAttempting to connect to MongoDB at cluster0.e7kgaui.mongodb.net\u001b[23m\u001b[22m\u001b[39m","timestamp":"2025-05-14T18:19:34.559Z"}
{"level":"\u001b[32minfo\u001b[39m","message":"\u001b[34m\u001b[1m\u001b[3mAttempting to connect to MongoDB at cluster0.e7kgaui.mongodb.net\u001b[23m\u001b[22m\u001b[39m","timestamp":"2025-05-14T18:19:35.488Z"}
{"level":"\u001b[32minfo\u001b[39m","message":"\u001b[32m\u001b[1m\u001b[3mSuccessfully connected to MongoDB! Database: Lawyer\u001b[23m\u001b[22m\u001b[39m","timestamp":"2025-05-14T18:19:36.028Z"}
{"level":"\u001b[32minfo\u001b[39m","message":"\u001b[32m\u001b[1m\u001b[3mServer started on port 5000\u001b[23m\u001b[22m\u001b[39m","timestamp":"2025-05-14T18:19:36.033Z"}
{"level":"\u001b[32minfo\u001b[39m","message":"\u001b[34m\u001b[1m\u001b[3mAttempting to connect to MongoDB at cluster0.e7kgaui.mongodb.net\u001b[23m\u001b[22m\u001b[39m","timestamp":"2025-05-14T18:19:45.182Z"}
{"level":"\u001b[32minfo\u001b[39m","message":"\u001b[32m\u001b[1m\u001b[3mSuccessfully connected to MongoDB! Database: Lawyer\u001b[23m\u001b[22m\u001b[39m","timestamp":"2025-05-14T18:19:45.711Z"}
{"level":"\u001b[32minfo\u001b[39m","message":"\u001b[32m\u001b[1m\u001b[3mServer started on port 5000\u001b[23m\u001b[22m\u001b[39m","timestamp":"2025-05-14T18:19:45.714Z"}
{"level":"\u001b[32minfo\u001b[39m","message":"\u001b[34m\u001b[1m\u001b[3mAttempting to connect to MongoDB at cluster0.e7kgaui.mongodb.net\u001b[23m\u001b[22m\u001b[39m","timestamp":"2025-05-14T18:19:50.236Z"}
{"level":"\u001b[32minfo\u001b[39m","message":"\u001b[32m\u001b[1m\u001b[3mSuccessfully connected to MongoDB! Database: Lawyer\u001b[23m\u001b[22m\u001b[39m","timestamp":"2025-05-14T18:19:52.875Z"}
{"level":"\u001b[32minfo\u001b[39m","message":"\u001b[32m\u001b[1m\u001b[3mServer started on port 5000\u001b[23m\u001b[22m\u001b[39m","timestamp":"2025-05-14T18:19:52.878Z"}
{"level":"\u001b[32minfo\u001b[39m","message":"\u001b[34m\u001b[1m\u001b[3mAttempting to connect to MongoDB at cluster0.e7kgaui.mongodb.net\u001b[23m\u001b[22m\u001b[39m","timestamp":"2025-05-14T18:20:51.624Z"}
{"level":"\u001b[32minfo\u001b[39m","message":"\u001b[32m\u001b[1m\u001b[3mSuccessfully connected to MongoDB! Database: Lawyer\u001b[23m\u001b[22m\u001b[39m","timestamp":"2025-05-14T18:20:52.302Z"}
{"level":"\u001b[32minfo\u001b[39m","message":"\u001b[32m\u001b[1m\u001b[3mServer started on port 5000\u001b[23m\u001b[22m\u001b[39m","timestamp":"2025-05-14T18:20:52.308Z"}
{"level":"\u001b[32minfo\u001b[39m","message":"\u001b[34m\u001b[1m\u001b[3mAttempting to connect to MongoDB at cluster0.e7kgaui.mongodb.net\u001b[23m\u001b[22m\u001b[39m","timestamp":"2025-05-14T18:22:07.645Z"}
{"level":"\u001b[32minfo\u001b[39m","message":"\u001b[32m\u001b[1m\u001b[3mSuccessfully connected to MongoDB! Database: Lawyer\u001b[23m\u001b[22m\u001b[39m","timestamp":"2025-05-14T18:22:08.319Z"}
{"level":"\u001b[32minfo\u001b[39m","message":"\u001b[32m\u001b[1m\u001b[3mServer started on port 5000\u001b[23m\u001b[22m\u001b[39m","timestamp":"2025-05-14T18:22:08.322Z"}
{"level":"\u001b[32minfo\u001b[39m","message":"\u001b[34m\u001b[1m\u001b[3mAttempting to connect to MongoDB at cluster0.e7kgaui.mongodb.net\u001b[23m\u001b[22m\u001b[39m","timestamp":"2025-05-14T18:22:16.915Z"}
{"level":"\u001b[32minfo\u001b[39m","message":"\u001b[32m\u001b[1m\u001b[3mSuccessfully connected to MongoDB! Database: Lawyer\u001b[23m\u001b[22m\u001b[39m","timestamp":"2025-05-14T18:22:17.312Z"}
{"level":"\u001b[32minfo\u001b[39m","message":"\u001b[32m\u001b[1m\u001b[3mServer started on port 5000\u001b[23m\u001b[22m\u001b[39m","timestamp":"2025-05-14T18:22:17.315Z"}
{"level":"\u001b[32minfo\u001b[39m","message":"\u001b[34m\u001b[1m\u001b[3mAttempting to connect to MongoDB at cluster0.e7kgaui.mongodb.net\u001b[23m\u001b[22m\u001b[39m","timestamp":"2025-05-14T18:22:19.515Z"}
{"level":"\u001b[32minfo\u001b[39m","message":"\u001b[32m\u001b[1m\u001b[3mSuccessfully connected to MongoDB! Database: Lawyer\u001b[23m\u001b[22m\u001b[39m","timestamp":"2025-05-14T18:22:19.844Z"}
{"level":"\u001b[32minfo\u001b[39m","message":"\u001b[32m\u001b[1m\u001b[3mServer started on port 5000\u001b[23m\u001b[22m\u001b[39m","timestamp":"2025-05-14T18:22:19.848Z"}
{"level":"\u001b[32minfo\u001b[39m","message":"\u001b[34m\u001b[1m\u001b[3mAttempting to connect to MongoDB at cluster0.e7kgaui.mongodb.net\u001b[23m\u001b[22m\u001b[39m","timestamp":"2025-05-14T18:22:57.587Z"}
{"level":"\u001b[32minfo\u001b[39m","message":"\u001b[32m\u001b[1m\u001b[3mSuccessfully connected to MongoDB! Database: Lawyer\u001b[23m\u001b[22m\u001b[39m","timestamp":"2025-05-14T18:22:57.934Z"}
{"level":"\u001b[32minfo\u001b[39m","message":"\u001b[32m\u001b[1m\u001b[3mServer started on port 5000\u001b[23m\u001b[22m\u001b[39m","timestamp":"2025-05-14T18:22:57.937Z"}
{"level":"\u001b[32minfo\u001b[39m","message":"Method: \u001b[31m\u001b[1mPOST\u001b[22m\u001b[39m, URL: \u001b[34m\u001b[1m/api/v1/user/contact\u001b[22m\u001b[39m, Status: \u001b[33m\u001b[1m201\u001b[22m\u001b[39m, Response Time: \u001b[32m\u001b[1m7039.399\u001b[22m\u001b[39m","timestamp":"2025-05-14T18:25:24.676Z"}
{"level":"\u001b[32minfo\u001b[39m","message":"\u001b[34m\u001b[1m\u001b[3mAttempting to connect to MongoDB at cluster0.e7kgaui.mongodb.net\u001b[23m\u001b[22m\u001b[39m","timestamp":"2025-05-14T18:26:57.898Z"}
{"level":"\u001b[32minfo\u001b[39m","message":"\u001b[32m\u001b[1m\u001b[3mSuccessfully connected to MongoDB! Database: Lawyer\u001b[23m\u001b[22m\u001b[39m","timestamp":"2025-05-14T18:26:58.305Z"}
{"level":"\u001b[32minfo\u001b[39m","message":"\u001b[32m\u001b[1m\u001b[3mServer started on port 5000\u001b[23m\u001b[22m\u001b[39m","timestamp":"2025-05-14T18:26:58.312Z"}
{"level":"\u001b[32minfo\u001b[39m","message":"\u001b[34m\u001b[1m\u001b[3mAttempting to connect to MongoDB at cluster0.e7kgaui.mongodb.net\u001b[23m\u001b[22m\u001b[39m","timestamp":"2025-05-14T18:27:02.568Z"}
{"level":"\u001b[32minfo\u001b[39m","message":"\u001b[32m\u001b[1m\u001b[3mSuccessfully connected to MongoDB! Database: Lawyer\u001b[23m\u001b[22m\u001b[39m","timestamp":"2025-05-14T18:27:02.899Z"}
{"level":"\u001b[32minfo\u001b[39m","message":"\u001b[32m\u001b[1m\u001b[3mServer started on port 5000\u001b[23m\u001b[22m\u001b[39m","timestamp":"2025-05-14T18:27:02.903Z"}
{"level":"\u001b[32minfo\u001b[39m","message":"\u001b[34m\u001b[1m\u001b[3mAttempting to connect to MongoDB at cluster0.e7kgaui.mongodb.net\u001b[23m\u001b[22m\u001b[39m","timestamp":"2025-05-14T18:27:04.521Z"}
{"level":"\u001b[32minfo\u001b[39m","message":"\u001b[32m\u001b[1m\u001b[3mSuccessfully connected to MongoDB! Database: Lawyer\u001b[23m\u001b[22m\u001b[39m","timestamp":"2025-05-14T18:27:04.830Z"}
{"level":"\u001b[32minfo\u001b[39m","message":"\u001b[32m\u001b[1m\u001b[3mServer started on port 5000\u001b[23m\u001b[22m\u001b[39m","timestamp":"2025-05-14T18:27:04.833Z"}
{"level":"\u001b[32minfo\u001b[39m","message":"\u001b[34m\u001b[1m\u001b[3mAttempting to connect to MongoDB at cluster0.e7kgaui.mongodb.net\u001b[23m\u001b[22m\u001b[39m","timestamp":"2025-05-14T18:27:15.945Z"}
{"level":"\u001b[32minfo\u001b[39m","message":"\u001b[32m\u001b[1m\u001b[3mSuccessfully connected to MongoDB! Database: Lawyer\u001b[23m\u001b[22m\u001b[39m","timestamp":"2025-05-14T18:27:16.286Z"}
{"level":"\u001b[32minfo\u001b[39m","message":"\u001b[32m\u001b[1m\u001b[3mServer started on port 5000\u001b[23m\u001b[22m\u001b[39m","timestamp":"2025-05-14T18:27:16.292Z"}
{"level":"\u001b[32minfo\u001b[39m","message":"\u001b[34m\u001b[1m\u001b[3mAttempting to connect to MongoDB at cluster0.e7kgaui.mongodb.net\u001b[23m\u001b[22m\u001b[39m","timestamp":"2025-05-14T18:27:19.442Z"}
{"level":"\u001b[32minfo\u001b[39m","message":"\u001b[32m\u001b[1m\u001b[3mSuccessfully connected to MongoDB! Database: Lawyer\u001b[23m\u001b[22m\u001b[39m","timestamp":"2025-05-14T18:27:19.781Z"}
{"level":"\u001b[32minfo\u001b[39m","message":"\u001b[32m\u001b[1m\u001b[3mServer started on port 5000\u001b[23m\u001b[22m\u001b[39m","timestamp":"2025-05-14T18:27:19.786Z"}
{"level":"\u001b[32minfo\u001b[39m","message":"\u001b[34m\u001b[1m\u001b[3mAttempting to connect to MongoDB at cluster0.e7kgaui.mongodb.net\u001b[23m\u001b[22m\u001b[39m","timestamp":"2025-05-14T18:28:48.551Z"}
{"level":"\u001b[32minfo\u001b[39m","message":"\u001b[34m\u001b[1m\u001b[3mAttempting to connect to MongoDB at cluster0.e7kgaui.mongodb.net\u001b[23m\u001b[22m\u001b[39m","timestamp":"2025-05-14T18:28:49.681Z"}
{"level":"\u001b[32minfo\u001b[39m","message":"\u001b[32m\u001b[1m\u001b[3mSuccessfully connected to MongoDB! Database: Lawyer\u001b[23m\u001b[22m\u001b[39m","timestamp":"2025-05-14T18:28:50.022Z"}
{"level":"\u001b[32minfo\u001b[39m","message":"\u001b[32m\u001b[1m\u001b[3mServer started on port 5000\u001b[23m\u001b[22m\u001b[39m","timestamp":"2025-05-14T18:28:50.026Z"}
{"level":"\u001b[32minfo\u001b[39m","message":"\u001b[34m\u001b[1m\u001b[3mAttempting to connect to MongoDB at cluster0.e7kgaui.mongodb.net\u001b[23m\u001b[22m\u001b[39m","timestamp":"2025-05-14T18:28:58.658Z"}
{"level":"\u001b[32minfo\u001b[39m","message":"\u001b[34m\u001b[1m\u001b[3mAttempting to connect to MongoDB at cluster0.e7kgaui.mongodb.net\u001b[23m\u001b[22m\u001b[39m","timestamp":"2025-05-14T18:28:59.949Z"}
{"level":"\u001b[32minfo\u001b[39m","message":"\u001b[32m\u001b[1m\u001b[3mSuccessfully connected to MongoDB! Database: Lawyer\u001b[23m\u001b[22m\u001b[39m","timestamp":"2025-05-14T18:29:00.325Z"}
{"level":"\u001b[32minfo\u001b[39m","message":"\u001b[32m\u001b[1m\u001b[3mServer started on port 5000\u001b[23m\u001b[22m\u001b[39m","timestamp":"2025-05-14T18:29:00.329Z"}
{"level":"\u001b[32minfo\u001b[39m","message":"\u001b[34m\u001b[1m\u001b[3mAttempting to connect to MongoDB at cluster0.e7kgaui.mongodb.net\u001b[23m\u001b[22m\u001b[39m","timestamp":"2025-05-14T18:29:30.230Z"}
{"level":"\u001b[32minfo\u001b[39m","message":"\u001b[32m\u001b[1m\u001b[3mSuccessfully connected to MongoDB! Database: Lawyer\u001b[23m\u001b[22m\u001b[39m","timestamp":"2025-05-14T18:29:30.547Z"}
{"level":"\u001b[32minfo\u001b[39m","message":"\u001b[32m\u001b[1m\u001b[3mServer started on port 5000\u001b[23m\u001b[22m\u001b[39m","timestamp":"2025-05-14T18:29:30.552Z"}
{"level":"\u001b[32minfo\u001b[39m","message":"\u001b[34m\u001b[1m\u001b[3mAttempting to connect to MongoDB at cluster0.e7kgaui.mongodb.net\u001b[23m\u001b[22m\u001b[39m","timestamp":"2025-05-14T18:29:32.502Z"}
{"level":"\u001b[32minfo\u001b[39m","message":"\u001b[32m\u001b[1m\u001b[3mSuccessfully connected to MongoDB! Database: Lawyer\u001b[23m\u001b[22m\u001b[39m","timestamp":"2025-05-14T18:29:32.834Z"}
{"level":"\u001b[32minfo\u001b[39m","message":"\u001b[32m\u001b[1m\u001b[3mServer started on port 5000\u001b[23m\u001b[22m\u001b[39m","timestamp":"2025-05-14T18:29:32.839Z"}
{"level":"\u001b[32minfo\u001b[39m","message":"\u001b[34m\u001b[1m\u001b[3mAttempting to connect to MongoDB at cluster0.e7kgaui.mongodb.net\u001b[23m\u001b[22m\u001b[39m","timestamp":"2025-05-14T18:29:35.428Z"}
{"level":"\u001b[32minfo\u001b[39m","message":"\u001b[32m\u001b[1m\u001b[3mSuccessfully connected to MongoDB! Database: Lawyer\u001b[23m\u001b[22m\u001b[39m","timestamp":"2025-05-14T18:29:35.765Z"}
{"level":"\u001b[32minfo\u001b[39m","message":"\u001b[32m\u001b[1m\u001b[3mServer started on port 5000\u001b[23m\u001b[22m\u001b[39m","timestamp":"2025-05-14T18:29:35.769Z"}
{"level":"\u001b[32minfo\u001b[39m","message":"\u001b[34m\u001b[1m\u001b[3mAttempting to connect to MongoDB at cluster0.e7kgaui.mongodb.net\u001b[23m\u001b[22m\u001b[39m","timestamp":"2025-05-14T18:29:38.002Z"}
{"level":"\u001b[32minfo\u001b[39m","message":"\u001b[32m\u001b[1m\u001b[3mSuccessfully connected to MongoDB! Database: Lawyer\u001b[23m\u001b[22m\u001b[39m","timestamp":"2025-05-14T18:29:38.332Z"}
{"level":"\u001b[32minfo\u001b[39m","message":"\u001b[32m\u001b[1m\u001b[3mServer started on port 5000\u001b[23m\u001b[22m\u001b[39m","timestamp":"2025-05-14T18:29:38.335Z"}
{"level":"\u001b[32minfo\u001b[39m","message":"\u001b[34m\u001b[1m\u001b[3mAttempting to connect to MongoDB at cluster0.e7kgaui.mongodb.net\u001b[23m\u001b[22m\u001b[39m","timestamp":"2025-05-14T18:29:40.041Z"}
{"level":"\u001b[32minfo\u001b[39m","message":"\u001b[32m\u001b[1m\u001b[3mSuccessfully connected to MongoDB! Database: Lawyer\u001b[23m\u001b[22m\u001b[39m","timestamp":"2025-05-14T18:29:40.481Z"}
{"level":"\u001b[32minfo\u001b[39m","message":"\u001b[32m\u001b[1m\u001b[3mServer started on port 5000\u001b[23m\u001b[22m\u001b[39m","timestamp":"2025-05-14T18:29:40.485Z"}
{"level":"\u001b[32minfo\u001b[39m","message":"\u001b[34m\u001b[1m\u001b[3mAttempting to connect to MongoDB at cluster0.e7kgaui.mongodb.net\u001b[23m\u001b[22m\u001b[39m","timestamp":"2025-05-14T18:29:41.375Z"}
{"level":"\u001b[32minfo\u001b[39m","message":"\u001b[34m\u001b[1m\u001b[3mAttempting to connect to MongoDB at cluster0.e7kgaui.mongodb.net\u001b[23m\u001b[22m\u001b[39m","timestamp":"2025-05-14T18:29:42.689Z"}
{"level":"\u001b[32minfo\u001b[39m","message":"\u001b[32m\u001b[1m\u001b[3mSuccessfully connected to MongoDB! Database: Lawyer\u001b[23m\u001b[22m\u001b[39m","timestamp":"2025-05-14T18:29:43.026Z"}
{"level":"\u001b[32minfo\u001b[39m","message":"\u001b[32m\u001b[1m\u001b[3mServer started on port 5000\u001b[23m\u001b[22m\u001b[39m","timestamp":"2025-05-14T18:29:43.030Z"}
{"level":"\u001b[32minfo\u001b[39m","message":"\u001b[34m\u001b[1m\u001b[3mAttempting to connect to MongoDB at cluster0.e7kgaui.mongodb.net\u001b[23m\u001b[22m\u001b[39m","timestamp":"2025-05-14T18:29:45.574Z"}
{"level":"\u001b[32minfo\u001b[39m","message":"\u001b[32m\u001b[1m\u001b[3mSuccessfully connected to MongoDB! Database: Lawyer\u001b[23m\u001b[22m\u001b[39m","timestamp":"2025-05-14T18:29:47.173Z"}
{"level":"\u001b[32minfo\u001b[39m","message":"\u001b[32m\u001b[1m\u001b[3mServer started on port 5000\u001b[23m\u001b[22m\u001b[39m","timestamp":"2025-05-14T18:29:47.178Z"}
{"level":"\u001b[32minfo\u001b[39m","message":"Method: \u001b[31m\u001b[1mPOST\u001b[22m\u001b[39m, URL: \u001b[34m\u001b[1m/api/v1/user/contact\u001b[22m\u001b[39m, Status: \u001b[33m\u001b[1m500\u001b[22m\u001b[39m, Response Time: \u001b[32m\u001b[1m249.118\u001b[22m\u001b[39m","timestamp":"2025-05-14T18:49:41.170Z"}
{"level":"\u001b[32minfo\u001b[39m","message":"Method: \u001b[31m\u001b[1mPOST\u001b[22m\u001b[39m, URL: \u001b[34m\u001b[1m/api/v1/user/contact\u001b[22m\u001b[39m, Status: \u001b[33m\u001b[1m201\u001b[22m\u001b[39m, Response Time: \u001b[32m\u001b[1m7154.977\u001b[22m\u001b[39m","timestamp":"2025-05-14T18:50:20.741Z"}
{"level":"\u001b[32minfo\u001b[39m","message":"\u001b[34m\u001b[1m\u001b[3mAttempting to connect to MongoDB at cluster0.e7kgaui.mongodb.net\u001b[23m\u001b[22m\u001b[39m","timestamp":"2025-05-30T05:55:58.683Z"}
{"level":"\u001b[32minfo\u001b[39m","message":"\u001b[34m\u001b[1m\u001b[3mAttempting to connect to MongoDB at cluster0.e7kgaui.mongodb.net\u001b[23m\u001b[22m\u001b[39m","timestamp":"2025-05-30T05:56:25.463Z"}
{"level":"\u001b[32minfo\u001b[39m","message":"\u001b[34m\u001b[1m\u001b[3mAttempting to connect to MongoDB at cluster0.e7kgaui.mongodb.net\u001b[23m\u001b[22m\u001b[39m","timestamp":"2025-05-30T05:56:43.238Z"}
{"level":"\u001b[31merror\u001b[39m","message":"\u001b[31m\u001b[1m\u001b[3mMongoDB Connection Error:\u001b[23m\u001b[22m\u001b[39m","timestamp":"2025-05-30T05:57:13.348Z"}
{"level":"\u001b[32minfo\u001b[39m","message":"\u001b[34m\u001b[1m\u001b[3mAttempting to connect to MongoDB at cluster0.e7kgaui.mongodb.net\u001b[23m\u001b[22m\u001b[39m","timestamp":"2025-05-30T05:58:14.420Z"}
{"level":"\u001b[31merror\u001b[39m","message":"\u001b[31m\u001b[1m\u001b[3mMongoDB Connection Error:\u001b[23m\u001b[22m\u001b[39m","timestamp":"2025-05-30T05:58:44.639Z"}
{"level":"\u001b[32minfo\u001b[39m","message":"\u001b[34m\u001b[1m\u001b[3mAttempting to connect to MongoDB at cluster0.e7kgaui.mongodb.net\u001b[23m\u001b[22m\u001b[39m","timestamp":"2025-05-30T06:00:01.979Z"}
{"level":"\u001b[32minfo\u001b[39m","message":"\u001b[32m\u001b[1m\u001b[3mSuccessfully connected to MongoDB! Database: Lawyer\u001b[23m\u001b[22m\u001b[39m","timestamp":"2025-05-30T06:00:03.023Z"}
{"level":"\u001b[32minfo\u001b[39m","message":"\u001b[32m\u001b[1m\u001b[3mServer started on port 5000\u001b[23m\u001b[22m\u001b[39m","timestamp":"2025-05-30T06:00:03.039Z"}
{"level":"\u001b[32minfo\u001b[39m","message":"\u001b[34m\u001b[1m\u001b[3mAttempting to connect to MongoDB at cluster0.e7kgaui.mongodb.net\u001b[23m\u001b[22m\u001b[39m","timestamp":"2025-08-12T15:24:31.949Z"}
{"level":"\u001b[31merror\u001b[39m","message":"\u001b[31m\u001b[1m\u001b[3mMongoDB Connection Error:\u001b[23m\u001b[22m\u001b[39m","timestamp":"2025-08-12T15:24:32.149Z"}
{"level":"\u001b[32minfo\u001b[39m","message":"\u001b[34m\u001b[1m\u001b[3mAttempting to connect to MongoDB at cluster0.e7kgaui.mongodb.net\u001b[23m\u001b[22m\u001b[39m","timestamp":"2025-08-12T15:24:42.203Z"}
{"level":"\u001b[31merror\u001b[39m","message":"\u001b[31m\u001b[1m\u001b[3mMongoDB Connection Error:\u001b[23m\u001b[22m\u001b[39m","timestamp":"2025-08-12T15:24:42.246Z"}
{"level":"\u001b[32minfo\u001b[39m","message":"\u001b[34m\u001b[1m\u001b[3mAttempting to connect to MongoDB at cluster0.e7kgaui.mongodb.net\u001b[23m\u001b[22m\u001b[39m","timestamp":"2025-08-12T15:28:32.318Z"}
{"level":"\u001b[32minfo\u001b[39m","message":"\u001b[32m\u001b[1m\u001b[3mSuccessfully connected to MongoDB! Database: Lawyer\u001b[23m\u001b[22m\u001b[39m","timestamp":"2025-08-12T15:28:33.035Z"}
{"level":"\u001b[32minfo\u001b[39m","message":"\u001b[32m\u001b[1m\u001b[3mServer started on port 5000\u001b[23m\u001b[22m\u001b[39m","timestamp":"2025-08-12T15:28:33.040Z"}
{"level":"\u001b[32minfo\u001b[39m","message":"Method: \u001b[31m\u001b[1mPOST\u001b[22m\u001b[39m, URL: \u001b[34m\u001b[1m/api/v1/user/contact\u001b[22m\u001b[39m, Status: \u001b[33m\u001b[1m500\u001b[22m\u001b[39m, Response Time: \u001b[32m\u001b[1m30386.836\u001b[22m\u001b[39m","timestamp":"2025-08-13T14:48:18.706Z"}
{"level":"\u001b[32minfo\u001b[39m","message":"\u001b[34m\u001b[1m\u001b[3mAttempting to connect to MongoDB at cluster0.e7kgaui.mongodb.net\u001b[23m\u001b[22m\u001b[39m","timestamp":"2025-08-13T14:48:55.679Z"}
{"level":"\u001b[31merror\u001b[39m","message":"\u001b[31m\u001b[1m\u001b[3mMongoDB Connection Error:\u001b[23m\u001b[22m\u001b[39m","timestamp":"2025-08-13T14:49:26.065Z"}
{"level":"\u001b[32minfo\u001b[39m","message":"\u001b[34m\u001b[1m\u001b[3mAttempting to connect to MongoDB at cluster0.e7kgaui.mongodb.net\u001b[23m\u001b[22m\u001b[39m","timestamp":"2025-08-13T14:51:04.748Z"}
{"level":"\u001b[32minfo\u001b[39m","message":"\u001b[32m\u001b[1m\u001b[3mSuccessfully connected to MongoDB! Database: Lawyer\u001b[23m\u001b[22m\u001b[39m","timestamp":"2025-08-13T14:51:34.760Z"}
{"level":"\u001b[32minfo\u001b[39m","message":"\u001b[32m\u001b[1m\u001b[3mServer started on port 5000\u001b[23m\u001b[22m\u001b[39m","timestamp":"2025-08-13T14:51:34.770Z"}
{"level":"\u001b[32minfo\u001b[39m","message":"Method: \u001b[31m\u001b[1mPOST\u001b[22m\u001b[39m, URL: \u001b[34m\u001b[1m/api/v1/user/contact\u001b[22m\u001b[39m, Status: \u001b[33m\u001b[1m409\u001b[22m\u001b[39m, Response Time: \u001b[32m\u001b[1m104.677\u001b[22m\u001b[39m","timestamp":"2025-08-13T14:51:46.074Z"}
{"level":"\u001b[32minfo\u001b[39m","message":"Method: \u001b[31m\u001b[1mPOST\u001b[22m\u001b[39m, URL: \u001b[34m\u001b[1m/api/v1/user/contact\u001b[22m\u001b[39m, Status: \u001b[33m\u001b[1m409\u001b[22m\u001b[39m, Response Time: \u001b[32m\u001b[1m112.206\u001b[22m\u001b[39m","timestamp":"2025-08-13T14:51:48.792Z"}
{"level":"\u001b[32minfo\u001b[39m","message":"Method: \u001b[31m\u001b[1mPOST\u001b[22m\u001b[39m, URL: \u001b[34m\u001b[1m/api/v1/user/contact\u001b[22m\u001b[39m, Status: \u001b[33m\u001b[1m500\u001b[22m\u001b[39m, Response Time: \u001b[32m\u001b[1m68.309\u001b[22m\u001b[39m","timestamp":"2025-08-13T14:52:33.365Z"}
{"level":"\u001b[32minfo\u001b[39m","message":"Method: \u001b[31m\u001b[1mPOST\u001b[22m\u001b[39m, URL: \u001b[34m\u001b[1m/api/v1/user/contact\u001b[22m\u001b[39m, Status: \u001b[33m\u001b[1m201\u001b[22m\u001b[39m, Response Time: \u001b[32m\u001b[1m10021.829\u001b[22m\u001b[39m","timestamp":"2025-08-13T14:53:14.340Z"}
{"level":"\u001b[32minfo\u001b[39m","message":"\u001b[34m\u001b[1m\u001b[3mAttempting to connect to MongoDB at cluster0.e7kgaui.mongodb.net\u001b[23m\u001b[22m\u001b[39m","timestamp":"2025-08-13T14:58:35.005Z"}
{"level":"\u001b[32minfo\u001b[39m","message":"\u001b[32m\u001b[1m\u001b[3mSuccessfully connected to MongoDB! Database: Lawyer\u001b[23m\u001b[22m\u001b[39m","timestamp":"2025-08-13T14:58:35.931Z"}
{"level":"\u001b[32minfo\u001b[39m","message":"\u001b[32m\u001b[1m\u001b[3mServer started on port 5000\u001b[23m\u001b[22m\u001b[39m","timestamp":"2025-08-13T14:58:35.936Z"}
{"level":"\u001b[32minfo\u001b[39m","message":"\u001b[34m\u001b[1m\u001b[3mAttempting to connect to MongoDB at cluster0.e7kgaui.mongodb.net\u001b[23m\u001b[22m\u001b[39m","timestamp":"2025-08-13T14:59:29.527Z"}
{"level":"\u001b[32minfo\u001b[39m","message":"\u001b[32m\u001b[1m\u001b[3mSuccessfully connected to MongoDB! Database: Lawyer\u001b[23m\u001b[22m\u001b[39m","timestamp":"2025-08-13T14:59:29.946Z"}
{"level":"\u001b[32minfo\u001b[39m","message":"\u001b[32m\u001b[1m\u001b[3mServer started on port 5000\u001b[23m\u001b[22m\u001b[39m","timestamp":"2025-08-13T14:59:29.949Z"}
{"level":"\u001b[32minfo\u001b[39m","message":"\u001b[34m\u001b[1m\u001b[3mAttempting to connect to MongoDB at cluster0.e7kgaui.mongodb.net\u001b[23m\u001b[22m\u001b[39m","timestamp":"2025-08-13T14:59:32.297Z"}
{"level":"\u001b[32minfo\u001b[39m","message":"\u001b[32m\u001b[1m\u001b[3mSuccessfully connected to MongoDB! Database: Lawyer\u001b[23m\u001b[22m\u001b[39m","timestamp":"2025-08-13T14:59:33.698Z"}
{"level":"\u001b[32minfo\u001b[39m","message":"\u001b[32m\u001b[1m\u001b[3mServer started on port 5000\u001b[23m\u001b[22m\u001b[39m","timestamp":"2025-08-13T14:59:33.701Z"}
